-- Selecting Windows SDK version 10.0.19041.0 to target Windows 10.0.19043.
-- Found ament_cmake: 1.1.4 (E:/Programas/ROS2_packages/ros2-windows/share/ament_cmake/cmake)
-- Using PYTHON_EXECUTABLE: C:/Python38/python.exe
-- Found rclcpp: 9.1.0 (E:/Programas/ROS2_packages/ros2-windows/share/rclcpp/cmake)
-- Using all available rosidl_typesupport_c: rosidl_typesupport_fastrtps_c;rosidl_typesupport_introspection_c
-- Found rosidl_adapter: 2.2.1 (E:/Programas/ROS2_packages/ros2-windows/share/rosidl_adapter/cmake)
-- Using all available rosidl_typesupport_cpp: rosidl_typesupport_fastrtps_cpp;rosidl_typesupport_introspection_cpp
-- Found rmw_implementation_cmake: 3.3.1 (E:/Programas/ROS2_packages/ros2-windows/share/rmw_implementation_cmake/cmake)
-- Found rmw_cyclonedds_cpp: 0.22.3 (E:/Programas/ROS2_packages/ros2-windows/share/rmw_cyclonedds_cpp/cmake)
-- Using RMW implementation 'rmw_cyclonedds_cpp' as default
-- Found std_msgs: 2.2.3 (E:/Programas/ROS2_packages/ros2-windows/share/std_msgs/cmake)
-- Configuring done
CMake Error in CMakeLists.txt:
  Imported target "rclcpp::rclcpp" includes non-existent path

    "C:/ci/ws/install/include"

  in its INTERFACE_INCLUDE_DIRECTORIES.  Possible reasons include:

  * The path was deleted, renamed, or moved to another location.

  * An install or uninstall procedure did not complete successfully.

  * The installation package was faulty and references files it does not
  provide.



CMake Error in CMakeLists.txt:
  Imported target "rclcpp::rclcpp" includes non-existent path

    "C:/ci/ws/install/include"

  in its INTERFACE_INCLUDE_DIRECTORIES.  Possible reasons include:

  * The path was deleted, renamed, or moved to another location.

  * An install or uninstall procedure did not complete successfully.

  * The installation package was faulty and references files it does not
  provide.



CMake Error in CMakeLists.txt:
  Imported target "rclcpp::rclcpp" includes non-existent path

    "C:/ci/ws/install/include"

  in its INTERFACE_INCLUDE_DIRECTORIES.  Possible reasons include:

  * The path was deleted, renamed, or moved to another location.

  * An install or uninstall procedure did not complete successfully.

  * The installation package was faulty and references files it does not
  provide.



CMake Error in CMakeLists.txt:
  Imported target "rclcpp::rclcpp" includes non-existent path

    "C:/ci/ws/install/include"

  in its INTERFACE_INCLUDE_DIRECTORIES.  Possible reasons include:

  * The path was deleted, renamed, or moved to another location.

  * An install or uninstall procedure did not complete successfully.

  * The installation package was faulty and references files it does not
  provide.



CMake Error in CMakeLists.txt:
  Imported target "rclcpp::rclcpp" includes non-existent path

    "C:/ci/ws/install/include"

  in its INTERFACE_INCLUDE_DIRECTORIES.  Possible reasons include:

  * The path was deleted, renamed, or moved to another location.

  * An install or uninstall procedure did not complete successfully.

  * The installation package was faulty and references files it does not
  provide.



CMake Error in CMakeLists.txt:
  Imported target "rclcpp::rclcpp" includes non-existent path

    "C:/ci/ws/install/include"

  in its INTERFACE_INCLUDE_DIRECTORIES.  Possible reasons include:

  * The path was deleted, renamed, or moved to another location.

  * An install or uninstall procedure did not complete successfully.

  * The installation package was faulty and references files it does not
  provide.



CMake Error in CMakeLists.txt:
  Imported target "rclcpp::rclcpp" includes non-existent path

    "C:/ci/ws/install/include"

  in its INTERFACE_INCLUDE_DIRECTORIES.  Possible reasons include:

  * The path was deleted, renamed, or moved to another location.

  * An install or uninstall procedure did not complete successfully.

  * The installation package was faulty and references files it does not
  provide.



CMake Error in CMakeLists.txt:
  Imported target "rclcpp::rclcpp" includes non-existent path

    "C:/ci/ws/install/include"

  in its INTERFACE_INCLUDE_DIRECTORIES.  Possible reasons include:

  * The path was deleted, renamed, or moved to another location.

  * An install or uninstall procedure did not complete successfully.

  * The installation package was faulty and references files it does not
  provide.



CMake Error in CMakeLists.txt:
  Imported target "rclcpp::rclcpp" includes non-existent path

    "C:/ci/ws/install/include"

  in its INTERFACE_INCLUDE_DIRECTORIES.  Possible reasons include:

  * The path was deleted, renamed, or moved to another location.

  * An install or uninstall procedure did not complete successfully.

  * The installation package was faulty and references files it does not
  provide.



CMake Error in CMakeLists.txt:
  Imported target "rclcpp::rclcpp" includes non-existent path

    "C:/ci/ws/install/include"

  in its INTERFACE_INCLUDE_DIRECTORIES.  Possible reasons include:

  * The path was deleted, renamed, or moved to another location.

  * An install or uninstall procedure did not complete successfully.

  * The installation package was faulty and references files it does not
  provide.



CMake Error in CMakeLists.txt:
  Imported target "rclcpp::rclcpp" includes non-existent path

    "C:/ci/ws/install/include"

  in its INTERFACE_INCLUDE_DIRECTORIES.  Possible reasons include:

  * The path was deleted, renamed, or moved to another location.

  * An install or uninstall procedure did not complete successfully.

  * The installation package was faulty and references files it does not
  provide.



CMake Error in CMakeLists.txt:
  Imported target "rclcpp::rclcpp" includes non-existent path

    "C:/ci/ws/install/include"

  in its INTERFACE_INCLUDE_DIRECTORIES.  Possible reasons include:

  * The path was deleted, renamed, or moved to another location.

  * An install or uninstall procedure did not complete successfully.

  * The installation package was faulty and references files it does not
  provide.



CMake Error in CMakeLists.txt:
  Imported target "rclcpp::rclcpp" includes non-existent path

    "C:/ci/ws/install/include"

  in its INTERFACE_INCLUDE_DIRECTORIES.  Possible reasons include:

  * The path was deleted, renamed, or moved to another location.

  * An install or uninstall procedure did not complete successfully.

  * The installation package was faulty and references files it does not
  provide.



CMake Error in CMakeLists.txt:
  Imported target "rclcpp::rclcpp" includes non-existent path

    "C:/ci/ws/install/include"

  in its INTERFACE_INCLUDE_DIRECTORIES.  Possible reasons include:

  * The path was deleted, renamed, or moved to another location.

  * An install or uninstall procedure did not complete successfully.

  * The installation package was faulty and references files it does not
  provide.



CMake Error in CMakeLists.txt:
  Imported target "rclcpp::rclcpp" includes non-existent path

    "C:/ci/ws/install/include"

  in its INTERFACE_INCLUDE_DIRECTORIES.  Possible reasons include:

  * The path was deleted, renamed, or moved to another location.

  * An install or uninstall procedure did not complete successfully.

  * The installation package was faulty and references files it does not
  provide.



CMake Error in CMakeLists.txt:
  Imported target "rclcpp::rclcpp" includes non-existent path

    "C:/ci/ws/install/include"

  in its INTERFACE_INCLUDE_DIRECTORIES.  Possible reasons include:

  * The path was deleted, renamed, or moved to another location.

  * An install or uninstall procedure did not complete successfully.

  * The installation package was faulty and references files it does not
  provide.



CMake Error in CMakeLists.txt:
  Imported target "rclcpp::rclcpp" includes non-existent path

    "C:/ci/ws/install/include"

  in its INTERFACE_INCLUDE_DIRECTORIES.  Possible reasons include:

  * The path was deleted, renamed, or moved to another location.

  * An install or uninstall procedure did not complete successfully.

  * The installation package was faulty and references files it does not
  provide.



CMake Error in CMakeLists.txt:
  Imported target "rclcpp::rclcpp" includes non-existent path

    "C:/ci/ws/install/include"

  in its INTERFACE_INCLUDE_DIRECTORIES.  Possible reasons include:

  * The path was deleted, renamed, or moved to another location.

  * An install or uninstall procedure did not complete successfully.

  * The installation package was faulty and references files it does not
  provide.



CMake Error in CMakeLists.txt:
  Imported target "rclcpp::rclcpp" includes non-existent path

    "C:/ci/ws/install/include"

  in its INTERFACE_INCLUDE_DIRECTORIES.  Possible reasons include:

  * The path was deleted, renamed, or moved to another location.

  * An install or uninstall procedure did not complete successfully.

  * The installation package was faulty and references files it does not
  provide.



CMake Error in CMakeLists.txt:
  Imported target "rclcpp::rclcpp" includes non-existent path

    "C:/ci/ws/install/include"

  in its INTERFACE_INCLUDE_DIRECTORIES.  Possible reasons include:

  * The path was deleted, renamed, or moved to another location.

  * An install or uninstall procedure did not complete successfully.

  * The installation package was faulty and references files it does not
  provide.



CMake Error in CMakeLists.txt:
  Imported target "rclcpp::rclcpp" includes non-existent path

    "C:/ci/ws/install/include"

  in its INTERFACE_INCLUDE_DIRECTORIES.  Possible reasons include:

  * The path was deleted, renamed, or moved to another location.

  * An install or uninstall procedure did not complete successfully.

  * The installation package was faulty and references files it does not
  provide.



CMake Error in CMakeLists.txt:
  Imported target "rclcpp::rclcpp" includes non-existent path

    "C:/ci/ws/install/include"

  in its INTERFACE_INCLUDE_DIRECTORIES.  Possible reasons include:

  * The path was deleted, renamed, or moved to another location.

  * An install or uninstall procedure did not complete successfully.

  * The installation package was faulty and references files it does not
  provide.



CMake Error in CMakeLists.txt:
  Imported target "rclcpp::rclcpp" includes non-existent path

    "C:/ci/ws/install/include"

  in its INTERFACE_INCLUDE_DIRECTORIES.  Possible reasons include:

  * The path was deleted, renamed, or moved to another location.

  * An install or uninstall procedure did not complete successfully.

  * The installation package was faulty and references files it does not
  provide.



CMake Error in CMakeLists.txt:
  Imported target "rclcpp::rclcpp" includes non-existent path

    "C:/ci/ws/install/include"

  in its INTERFACE_INCLUDE_DIRECTORIES.  Possible reasons include:

  * The path was deleted, renamed, or moved to another location.

  * An install or uninstall procedure did not complete successfully.

  * The installation package was faulty and references files it does not
  provide.



-- Generating done
CMake Generate step failed.  Build files cannot be regenerated correctly.
