[0.000000] (-) TimerEvent: {}
[0.000000] (cpp_pubsub) JobQueued: {'identifier': 'cpp_pubsub', 'dependencies': OrderedDict()}
[0.015000] (cpp_pubsub) JobStarted: {'identifier': 'cpp_pubsub'}
[0.078000] (cpp_pubsub) JobProgress: {'identifier': 'cpp_pubsub', 'progress': 'cmake'}
[0.078000] (cpp_pubsub) Command: {'cmd': ['C:\\Program Files\\CMake\\bin\\cmake.EXE', 'D:\\Escritorio\\myspore\\Programacion\\ROS_2_ANDROID-master', '-DCMAKE_INSTALL_PREFIX=D:\\Escritorio\\myspore\\Programacion\\ROS_2_ANDROID-master\\install\\cpp_pubsub'], 'cwd': 'D:\\Escritorio\\myspore\\Programacion\\ROS_2_ANDROID-master\\build\\cpp_pubsub', 'env': OrderedDict([('ALLUSERSPROFILE', 'C:\\ProgramData'), ('AMENT_PREFIX_PATH', 'E:\\Programas\\ROS2_packages\\ros2-windows'), ('APPDATA', 'C:\\Users\\Elias\\AppData\\Roaming'), ('ChocolateyInstall', 'C:\\ProgramData\\chocolatey'), ('ChocolateyLastPathUpdate', '132887164852421346'), ('CMAKE_PREFIX_PATH', 'E:\\Programas\\ROS2_packages\\ros2-windows'), ('COLCON', '1'), ('COLCON_PREFIX_PATH', 'E:\\Programas\\ROS2_packages\\ros2-windows\\'), ('CommandPromptType', 'Native'), ('CommonProgramFiles', 'C:\\Program Files\\Common Files'), ('CommonProgramFiles(x86)', 'C:\\Program Files (x86)\\Common Files'), ('CommonProgramW6432', 'C:\\Program Files\\Common Files'), ('COMPUTERNAME', 'DESKTOP-75QLT5Q'), ('ComSpec', 'C:\\WINDOWS\\system32\\cmd.exe'), ('DevEnvDir', 'C:\\Program Files (x86)\\Microsoft Visual Studio\\2019\\Community\\Common7\\IDE\\'), ('DriverData', 'C:\\Windows\\System32\\Drivers\\DriverData'), ('ExtensionSdkDir', 'C:\\Program Files (x86)\\Microsoft SDKs\\Windows Kits\\10\\ExtensionSDKs'), ('Framework40Version', 'v4.0'), ('FrameworkDir', 'C:\\Windows\\Microsoft.NET\\Framework64\\'), ('FrameworkDir64', 'C:\\Windows\\Microsoft.NET\\Framework64\\'), ('FrameworkVersion', 'v4.0.30319'), ('FrameworkVersion64', 'v4.0.30319'), ('FSHARPINSTALLDIR', 'C:\\Program Files (x86)\\Microsoft Visual Studio\\2019\\Community\\Common7\\IDE\\CommonExtensions\\Microsoft\\FSharp\\Tools'), ('HOMEDRIVE', 'C:'), ('HOMEPATH', '\\Users\\Elias'), ('INCLUDE', 'C:\\Program Files (x86)\\Microsoft Visual Studio\\2019\\Community\\VC\\Tools\\MSVC\\14.29.30133\\ATLMFC\\include;C:\\Program Files (x86)\\Microsoft Visual Studio\\2019\\Community\\VC\\Tools\\MSVC\\14.29.30133\\include;C:\\Program Files (x86)\\Windows Kits\\10\\include\\10.0.19041.0\\ucrt;C:\\Program Files (x86)\\Windows Kits\\10\\include\\10.0.19041.0\\shared;C:\\Program Files (x86)\\Windows Kits\\10\\include\\10.0.19041.0\\um;C:\\Program Files (x86)\\Windows Kits\\10\\include\\10.0.19041.0\\winrt;C:\\Program Files (x86)\\Windows Kits\\10\\include\\10.0.19041.0\\cppwinrt'), ('LIB', 'C:\\Program Files (x86)\\Microsoft Visual Studio\\2019\\Community\\VC\\Tools\\MSVC\\14.29.30133\\ATLMFC\\lib\\x64;C:\\Program Files (x86)\\Microsoft Visual Studio\\2019\\Community\\VC\\Tools\\MSVC\\14.29.30133\\lib\\x64;C:\\Program Files (x86)\\Windows Kits\\10\\lib\\10.0.19041.0\\ucrt\\x64;C:\\Program Files (x86)\\Windows Kits\\10\\lib\\10.0.19041.0\\um\\x64'), ('LIBPATH', 'C:\\Program Files (x86)\\Microsoft Visual Studio\\2019\\Community\\VC\\Tools\\MSVC\\14.29.30133\\ATLMFC\\lib\\x64;C:\\Program Files (x86)\\Microsoft Visual Studio\\2019\\Community\\VC\\Tools\\MSVC\\14.29.30133\\lib\\x64;C:\\Program Files (x86)\\Microsoft Visual Studio\\2019\\Community\\VC\\Tools\\MSVC\\14.29.30133\\lib\\x86\\store\\references;C:\\Program Files (x86)\\Windows Kits\\10\\UnionMetadata\\10.0.19041.0;C:\\Program Files (x86)\\Windows Kits\\10\\References\\10.0.19041.0;C:\\Windows\\Microsoft.NET\\Framework64\\v4.0.30319'), ('LOCALAPPDATA', 'C:\\Users\\Elias\\AppData\\Local'), ('LOGONSERVER', '\\\\DESKTOP-75QLT5Q'), ('NUMBER_OF_PROCESSORS', '16'), ('OneDrive', 'C:\\Users\\Elias\\OneDrive'), ('OneDriveConsumer', 'C:\\Users\\Elias\\OneDrive'), ('OpenCV_DIR', 'C:\\opencv'), ('OS', 'Windows_NT'), ('Path', 'E:\\Programas\\ROS2_packages\\ros2-windows\\opt\\yaml_cpp_vendor\\bin;E:\\Programas\\ROS2_packages\\ros2-windows\\opt\\rviz_ogre_vendor\\bin;E:\\Programas\\ROS2_packages\\ros2-windows\\opt\\rviz_assimp_vendor\\bin;E:\\Programas\\ROS2_packages\\ros2-windows\\opt\\libcurl_vendor\\bin;E:\\Programas\\ROS2_packages\\ros2-windows\\Scripts;E:\\Programas\\ROS2_packages\\ros2-windows\\bin;C:\\Program Files (x86)\\Microsoft Visual Studio\\2019\\Community\\Common7\\IDE\\\\Extensions\\Microsoft\\IntelliCode\\CLI;C:\\Program Files (x86)\\Microsoft Visual Studio\\2019\\Community\\VC\\Tools\\MSVC\\14.29.30133\\bin\\HostX64\\x64;C:\\Program Files (x86)\\Microsoft Visual Studio\\2019\\Community\\Common7\\IDE\\VC\\VCPackages;C:\\Program Files (x86)\\Microsoft Visual Studio\\2019\\Community\\Common7\\IDE\\CommonExtensions\\Microsoft\\TestWindow;C:\\Program Files (x86)\\Microsoft Visual Studio\\2019\\Community\\Common7\\IDE\\CommonExtensions\\Microsoft\\TeamFoundation\\Team Explorer;C:\\Program Files (x86)\\Microsoft Visual Studio\\2019\\Community\\MSBuild\\Current\\bin\\Roslyn;C:\\Program Files (x86)\\Microsoft Visual Studio\\2019\\Community\\Team Tools\\Performance Tools\\x64;C:\\Program Files (x86)\\Microsoft Visual Studio\\2019\\Community\\Team Tools\\Performance Tools;C:\\Program Files (x86)\\Microsoft Visual Studio\\Shared\\Common\\VSPerfCollectionTools\\vs2019\\\\x64;C:\\Program Files (x86)\\Microsoft Visual Studio\\Shared\\Common\\VSPerfCollectionTools\\vs2019\\;C:\\Program Files (x86)\\Microsoft Visual Studio\\2019\\Community\\Common7\\IDE\\CommonExtensions\\Microsoft\\FSharp\\Tools;C:\\Program Files (x86)\\Microsoft Visual Studio\\2019\\Community\\Common7\\Tools\\devinit;C:\\Program Files (x86)\\Windows Kits\\10\\bin\\10.0.19041.0\\x64;C:\\Program Files (x86)\\Windows Kits\\10\\bin\\x64;C:\\Program Files (x86)\\Microsoft Visual Studio\\2019\\Community\\\\MSBuild\\Current\\Bin;C:\\Windows\\Microsoft.NET\\Framework64\\v4.0.30319;C:\\Program Files (x86)\\Microsoft Visual Studio\\2019\\Community\\Common7\\IDE\\;C:\\Program Files (x86)\\Microsoft Visual Studio\\2019\\Community\\Common7\\Tools\\;C:\\Program Files (x86)\\Common Files\\Oracle\\Java\\javapath;C:\\Python38\\Scripts\\;C:\\Python38\\;C:\\WINDOWS\\system32;C:\\WINDOWS;C:\\WINDOWS\\System32\\Wbem;C:\\WINDOWS\\System32\\WindowsPowerShell\\v1.0\\;C:\\WINDOWS\\System32\\OpenSSH\\;C:\\Program Files (x86)\\NVIDIA Corporation\\PhysX\\Common;C:\\Program Files (x86)\\dotnet\\;C:\\Program Files\\dotnet\\;C:\\Program Files\\NVIDIA Corporation\\NVIDIA NvDLISR;C:\\ProgramData\\chocolatey\\bin;C:\\Program Files\\OpenSSL-Win64\\bin\\;C:\\opencv\\x64\\vc16\\bin;C:\\Program Files\\CMake\\bin;C:\\Program Files\\Graphviz\\bin;C:\\Program Files\\Git\\cmd;C:\\Program Files\\Java\\jre1.8.0_321\\bin;C:\\Users\\Elias\\AppData\\Local\\Microsoft\\WindowsApps;C:\\Users\\Elias\\AppData\\Local\\atom\\bin;C:\\Users\\Elias\\AppData\\Local\\Programs\\Microsoft VS Code\\bin'), ('PATHEXT', '.COM;.EXE;.BAT;.CMD;.VBS;.VBE;.JS;.JSE;.WSF;.WSH;.MSC;.PY;.PYW'), ('PKG_CONFIG_PATH', 'E:\\Programas\\ROS2_packages\\ros2-windows\\lib\\pkgconfig'), ('Platform', 'x64'), ('PROCESSOR_ARCHITECTURE', 'AMD64'), ('PROCESSOR_IDENTIFIER', 'Intel64 Family 6 Model 167 Stepping 1, GenuineIntel'), ('PROCESSOR_LEVEL', '6'), ('PROCESSOR_REVISION', 'a701'), ('ProgramData', 'C:\\ProgramData'), ('ProgramFiles', 'C:\\Program Files'), ('ProgramFiles(x86)', 'C:\\Program Files (x86)'), ('ProgramW6432', 'C:\\Program Files'), ('PROMPT', '$P$G'), ('PSModulePath', 'C:\\Program Files\\WindowsPowerShell\\Modules;C:\\WINDOWS\\system32\\WindowsPowerShell\\v1.0\\Modules'), ('PUBLIC', 'C:\\Users\\Public'), ('PYTHONPATH', 'E:\\Programas\\ROS2_packages\\ros2-windows\\Lib\\site-packages'), ('QT_QPA_PLATFORM_PLUGIN_PATH', 'E:\\Programas\\ROS2_packages\\ros2-windows\\bin\\platforms'), ('ROS_DISTRO', 'galactic'), ('ROS_DOMAIN_ID', '23'), ('ROS_LOCALHOST_ONLY', '0'), ('ROS_PYTHON_VERSION', '3'), ('ROS_VERSION', '2'), ('SystemDrive', 'C:'), ('SystemRoot', 'C:\\WINDOWS'), ('TEMP', 'C:\\Users\\Elias\\AppData\\Local\\Temp'), ('TMP', 'C:\\Users\\Elias\\AppData\\Local\\Temp'), ('UCRTVersion', '10.0.19041.0'), ('UniversalCRTSdkDir', 'C:\\Program Files (x86)\\Windows Kits\\10\\'), ('USERDOMAIN', 'DESKTOP-75QLT5Q'), ('USERDOMAIN_ROAMINGPROFILE', 'DESKTOP-75QLT5Q'), ('USERNAME', 'Elias'), ('USERPROFILE', 'C:\\Users\\Elias'), ('VCIDEInstallDir', 'C:\\Program Files (x86)\\Microsoft Visual Studio\\2019\\Community\\Common7\\IDE\\VC\\'), ('VCINSTALLDIR', 'C:\\Program Files (x86)\\Microsoft Visual Studio\\2019\\Community\\VC\\'), ('VCToolsInstallDir', 'C:\\Program Files (x86)\\Microsoft Visual Studio\\2019\\Community\\VC\\Tools\\MSVC\\14.29.30133\\'), ('VCToolsRedistDir', 'C:\\Program Files (x86)\\Microsoft Visual Studio\\2019\\Community\\VC\\Redist\\MSVC\\14.29.30133\\'), ('VCToolsVersion', '14.29.30133'), ('VisualStudioVersion', '16.0'), ('VS160COMNTOOLS', 'C:\\Program Files (x86)\\Microsoft Visual Studio\\2019\\Community\\Common7\\Tools\\'), ('VSCMD_ARG_app_plat', 'Desktop'), ('VSCMD_ARG_HOST_ARCH', 'x64'), ('VSCMD_ARG_TGT_ARCH', 'x64'), ('VSCMD_VER', '16.11.9'), ('VSINSTALLDIR', 'C:\\Program Files (x86)\\Microsoft Visual Studio\\2019\\Community\\'), ('WEBOTS_HOME', 'C:\\Program Files\\Webots'), ('windir', 'C:\\WINDOWS'), ('WindowsLibPath', 'C:\\Program Files (x86)\\Windows Kits\\10\\UnionMetadata\\10.0.19041.0;C:\\Program Files (x86)\\Windows Kits\\10\\References\\10.0.19041.0'), ('WindowsSdkBinPath', 'C:\\Program Files (x86)\\Windows Kits\\10\\bin\\'), ('WindowsSdkDir', 'C:\\Program Files (x86)\\Windows Kits\\10\\'), ('WindowsSDKLibVersion', '10.0.19041.0\\'), ('WindowsSdkVerBinPath', 'C:\\Program Files (x86)\\Windows Kits\\10\\bin\\10.0.19041.0\\'), ('WindowsSDKVersion', '10.0.19041.0\\'), ('ZES_ENABLE_SYSMAN', '1'), ('__devinit_path', 'C:\\Program Files (x86)\\Microsoft Visual Studio\\2019\\Community\\Common7\\Tools\\devinit\\devinit.exe'), ('__DOTNET_ADD_64BIT', '1'), ('__DOTNET_PREFERRED_BITNESS', '64'), ('__VSCMD_PREINIT_PATH', 'C:\\Program Files (x86)\\Common Files\\Oracle\\Java\\javapath;C:\\Python38\\Scripts\\;C:\\Python38\\;C:\\WINDOWS\\system32;C:\\WINDOWS;C:\\WINDOWS\\System32\\Wbem;C:\\WINDOWS\\System32\\WindowsPowerShell\\v1.0\\;C:\\WINDOWS\\System32\\OpenSSH\\;C:\\Program Files (x86)\\NVIDIA Corporation\\PhysX\\Common;C:\\Program Files (x86)\\dotnet\\;C:\\Program Files\\dotnet\\;C:\\Program Files\\NVIDIA Corporation\\NVIDIA NvDLISR;C:\\ProgramData\\chocolatey\\bin;C:\\Program Files\\OpenSSL-Win64\\bin\\;C:\\opencv\\x64\\vc16\\bin;C:\\Program Files\\CMake\\bin;C:\\Program Files\\Graphviz\\bin;C:\\Program Files\\Git\\cmd;C:\\Program Files\\Java\\jre1.8.0_321\\bin;C:\\Users\\Elias\\AppData\\Local\\Microsoft\\WindowsApps;C:\\Users\\Elias\\AppData\\Local\\atom\\bin;C:\\Users\\Elias\\AppData\\Local\\Programs\\Microsoft VS Code\\bin'), ('__VSCMD_script_err_count', '0')]), 'shell': False}
[0.109000] (cpp_pubsub) StdoutLine: {'line': b'-- Selecting Windows SDK version 10.0.19041.0 to target Windows 10.0.19043.\n'}
[0.109000] (-) TimerEvent: {}
[0.125000] (cpp_pubsub) StdoutLine: {'line': b'-- Found ament_cmake: 1.1.4 (E:/Programas/ROS2_packages/ros2-windows/share/ament_cmake/cmake)\n'}
[0.156000] (cpp_pubsub) StdoutLine: {'line': b'-- Using PYTHON_EXECUTABLE: C:/Python38/python.exe\n'}
[0.234000] (-) TimerEvent: {}
[0.281000] (cpp_pubsub) StdoutLine: {'line': b'-- Found rclcpp: 9.1.0 (E:/Programas/ROS2_packages/ros2-windows/share/rclcpp/cmake)\n'}
[0.328000] (cpp_pubsub) StdoutLine: {'line': b'-- Using all available rosidl_typesupport_c: rosidl_typesupport_fastrtps_c;rosidl_typesupport_introspection_c\n'}
[0.328000] (cpp_pubsub) StdoutLine: {'line': b'-- Found rosidl_adapter: 2.2.1 (E:/Programas/ROS2_packages/ros2-windows/share/rosidl_adapter/cmake)\n'}
[0.343000] (-) TimerEvent: {}
[0.437000] (cpp_pubsub) StdoutLine: {'line': b'-- Using all available rosidl_typesupport_cpp: rosidl_typesupport_fastrtps_cpp;rosidl_typesupport_introspection_cpp\n'}
[0.453000] (-) TimerEvent: {}
[0.500000] (cpp_pubsub) StdoutLine: {'line': b'-- Found rmw_implementation_cmake: 3.3.1 (E:/Programas/ROS2_packages/ros2-windows/share/rmw_implementation_cmake/cmake)\n'}
[0.515000] (cpp_pubsub) StdoutLine: {'line': b'-- Found rmw_cyclonedds_cpp: 0.22.3 (E:/Programas/ROS2_packages/ros2-windows/share/rmw_cyclonedds_cpp/cmake)\n'}
[0.531000] (cpp_pubsub) StdoutLine: {'line': b"-- Using RMW implementation 'rmw_cyclonedds_cpp' as default\n"}
[0.562000] (-) TimerEvent: {}
[0.609000] (cpp_pubsub) StdoutLine: {'line': b'-- Found std_msgs: 2.2.3 (E:/Programas/ROS2_packages/ros2-windows/share/std_msgs/cmake)\n'}
[0.672000] (-) TimerEvent: {}
[0.781000] (cpp_pubsub) StdoutLine: {'line': b'-- Configuring done\n'}
[0.781000] (-) TimerEvent: {}
[0.890000] (-) TimerEvent: {}
[0.922000] (cpp_pubsub) StderrLine: {'line': b'CMake Error in CMakeLists.txt:\n'}
[0.922000] (cpp_pubsub) StderrLine: {'line': b'  Imported target "rclcpp::rclcpp" includes non-existent path\n'}
[0.922000] (cpp_pubsub) StderrLine: {'line': b'\n'}
[0.922000] (cpp_pubsub) StderrLine: {'line': b'    "C:/ci/ws/install/include"\n'}
[0.922000] (cpp_pubsub) StderrLine: {'line': b'\n'}
[0.922000] (cpp_pubsub) StderrLine: {'line': b'  in its INTERFACE_INCLUDE_DIRECTORIES.  Possible reasons include:\n'}
[0.922000] (cpp_pubsub) StderrLine: {'line': b'\n'}
[0.922000] (cpp_pubsub) StderrLine: {'line': b'  * The path was deleted, renamed, or moved to another location.\n'}
[0.922000] (cpp_pubsub) StderrLine: {'line': b'\n'}
[0.922000] (cpp_pubsub) StderrLine: {'line': b'  * An install or uninstall procedure did not complete successfully.\n'}
[0.922000] (cpp_pubsub) StderrLine: {'line': b'\n'}
[0.922000] (cpp_pubsub) StderrLine: {'line': b'  * The installation package was faulty and references files it does not\n'}
[0.922000] (cpp_pubsub) StderrLine: {'line': b'  provide.\n'}
[0.922000] (cpp_pubsub) StderrLine: {'line': b'\n'}
[0.922000] (cpp_pubsub) StderrLine: {'line': b'\n'}
[0.922000] (cpp_pubsub) StderrLine: {'line': b'\n'}
[0.922000] (cpp_pubsub) StderrLine: {'line': b'CMake Error in CMakeLists.txt:\n'}
[0.922000] (cpp_pubsub) StderrLine: {'line': b'  Imported target "rclcpp::rclcpp" includes non-existent path\n'}
[0.922000] (cpp_pubsub) StderrLine: {'line': b'\n'}
[0.922000] (cpp_pubsub) StderrLine: {'line': b'    "C:/ci/ws/install/include"\n'}
[0.922000] (cpp_pubsub) StderrLine: {'line': b'\n'}
[0.922000] (cpp_pubsub) StderrLine: {'line': b'  in its INTERFACE_INCLUDE_DIRECTORIES.  Possible reasons include:\n'}
[0.922000] (cpp_pubsub) StderrLine: {'line': b'\n'}
[0.922000] (cpp_pubsub) StderrLine: {'line': b'  * The path was deleted, renamed, or moved to another location.\n'}
[0.922000] (cpp_pubsub) StderrLine: {'line': b'\n'}
[0.922000] (cpp_pubsub) StderrLine: {'line': b'  * An install or uninstall procedure did not complete successfully.\n'}
[0.922000] (cpp_pubsub) StderrLine: {'line': b'\n'}
[0.922000] (cpp_pubsub) StderrLine: {'line': b'  * The installation package was faulty and references files it does not\n'}
[0.922000] (cpp_pubsub) StderrLine: {'line': b'  provide.\n'}
[0.922000] (cpp_pubsub) StderrLine: {'line': b'\n'}
[0.922000] (cpp_pubsub) StderrLine: {'line': b'\n'}
[0.922000] (cpp_pubsub) StderrLine: {'line': b'\n'}
[0.922000] (cpp_pubsub) StderrLine: {'line': b'CMake Error in CMakeLists.txt:\n'}
[0.922000] (cpp_pubsub) StderrLine: {'line': b'  Imported target "rclcpp::rclcpp" includes non-existent path\n'}
[0.922000] (cpp_pubsub) StderrLine: {'line': b'\n'}
[0.922000] (cpp_pubsub) StderrLine: {'line': b'    "C:/ci/ws/install/include"\n'}
[0.922000] (cpp_pubsub) StderrLine: {'line': b'\n'}
[0.922000] (cpp_pubsub) StderrLine: {'line': b'  in its INTERFACE_INCLUDE_DIRECTORIES.  Possible reasons include:\n'}
[0.922000] (cpp_pubsub) StderrLine: {'line': b'\n'}
[0.922000] (cpp_pubsub) StderrLine: {'line': b'  * The path was deleted, renamed, or moved to another location.\n'}
[0.922000] (cpp_pubsub) StderrLine: {'line': b'\n'}
[0.922000] (cpp_pubsub) StderrLine: {'line': b'  * An install or uninstall procedure did not complete successfully.\n'}
[0.922000] (cpp_pubsub) StderrLine: {'line': b'\n'}
[0.922000] (cpp_pubsub) StderrLine: {'line': b'  * The installation package was faulty and references files it does not\n'}
[0.922000] (cpp_pubsub) StderrLine: {'line': b'  provide.\n'}
[0.922000] (cpp_pubsub) StderrLine: {'line': b'\n'}
[0.922000] (cpp_pubsub) StderrLine: {'line': b'\n'}
[0.922000] (cpp_pubsub) StderrLine: {'line': b'\n'}
[0.922000] (cpp_pubsub) StderrLine: {'line': b'CMake Error in CMakeLists.txt:\n'}
[0.922000] (cpp_pubsub) StderrLine: {'line': b'  Imported target "rclcpp::rclcpp" includes non-existent path\n'}
[0.922000] (cpp_pubsub) StderrLine: {'line': b'\n'}
[0.922000] (cpp_pubsub) StderrLine: {'line': b'    "C:/ci/ws/install/include"\n'}
[0.922000] (cpp_pubsub) StderrLine: {'line': b'\n'}
[0.922000] (cpp_pubsub) StderrLine: {'line': b'  in its INTERFACE_INCLUDE_DIRECTORIES.  Possible reasons include:\n'}
[0.922000] (cpp_pubsub) StderrLine: {'line': b'\n'}
[0.922000] (cpp_pubsub) StderrLine: {'line': b'  * The path was deleted, renamed, or moved to another location.\n'}
[0.922000] (cpp_pubsub) StderrLine: {'line': b'\n'}
[0.922000] (cpp_pubsub) StderrLine: {'line': b'  * An install or uninstall procedure did not complete successfully.\n'}
[0.922000] (cpp_pubsub) StderrLine: {'line': b'\n'}
[0.922000] (cpp_pubsub) StderrLine: {'line': b'  * The installation package was faulty and references files it does not\n'}
[0.922000] (cpp_pubsub) StderrLine: {'line': b'  provide.\n'}
[0.922000] (cpp_pubsub) StderrLine: {'line': b'\n'}
[0.922000] (cpp_pubsub) StderrLine: {'line': b'\n'}
[0.922000] (cpp_pubsub) StderrLine: {'line': b'\n'}
[0.922000] (cpp_pubsub) StderrLine: {'line': b'CMake Error in CMakeLists.txt:\n'}
[0.922000] (cpp_pubsub) StderrLine: {'line': b'  Imported target "rclcpp::rclcpp" includes non-existent path\n'}
[0.922000] (cpp_pubsub) StderrLine: {'line': b'\n'}
[0.922000] (cpp_pubsub) StderrLine: {'line': b'    "C:/ci/ws/install/include"\n'}
[0.922000] (cpp_pubsub) StderrLine: {'line': b'\n'}
[0.922000] (cpp_pubsub) StderrLine: {'line': b'  in its INTERFACE_INCLUDE_DIRECTORIES.  Possible reasons include:\n'}
[0.922000] (cpp_pubsub) StderrLine: {'line': b'\n'}
[0.922000] (cpp_pubsub) StderrLine: {'line': b'  * The path was deleted, renamed, or moved to another location.\n'}
[0.922000] (cpp_pubsub) StderrLine: {'line': b'\n'}
[0.922000] (cpp_pubsub) StderrLine: {'line': b'  * An install or uninstall procedure did not complete successfully.\n'}
[0.922000] (cpp_pubsub) StderrLine: {'line': b'\n'}
[0.922000] (cpp_pubsub) StderrLine: {'line': b'  * The installation package was faulty and references files it does not\n'}
[0.922000] (cpp_pubsub) StderrLine: {'line': b'  provide.\n'}
[0.922000] (cpp_pubsub) StderrLine: {'line': b'\n'}
[0.922000] (cpp_pubsub) StderrLine: {'line': b'\n'}
[0.922000] (cpp_pubsub) StderrLine: {'line': b'\n'}
[0.922000] (cpp_pubsub) StderrLine: {'line': b'CMake Error in CMakeLists.txt:\n'}
[0.922000] (cpp_pubsub) StderrLine: {'line': b'  Imported target "rclcpp::rclcpp" includes non-existent path\n'}
[0.922000] (cpp_pubsub) StderrLine: {'line': b'\n'}
[0.922000] (cpp_pubsub) StderrLine: {'line': b'    "C:/ci/ws/install/include"\n'}
[0.922000] (cpp_pubsub) StderrLine: {'line': b'\n'}
[0.922000] (cpp_pubsub) StderrLine: {'line': b'  in its INTERFACE_INCLUDE_DIRECTORIES.  Possible reasons include:\n'}
[0.922000] (cpp_pubsub) StderrLine: {'line': b'\n'}
[0.922000] (cpp_pubsub) StderrLine: {'line': b'  * The path was deleted, renamed, or moved to another location.\n'}
[0.922000] (cpp_pubsub) StderrLine: {'line': b'\n'}
[0.922000] (cpp_pubsub) StderrLine: {'line': b'  * An install or uninstall procedure did not complete successfully.\n'}
[0.922000] (cpp_pubsub) StderrLine: {'line': b'\n'}
[0.922000] (cpp_pubsub) StderrLine: {'line': b'  * The installation package was faulty and references files it does not\n'}
[0.922000] (cpp_pubsub) StderrLine: {'line': b'  provide.\n'}
[0.922000] (cpp_pubsub) StderrLine: {'line': b'\n'}
[0.922000] (cpp_pubsub) StderrLine: {'line': b'\n'}
[0.922000] (cpp_pubsub) StderrLine: {'line': b'\n'}
[0.922000] (cpp_pubsub) StderrLine: {'line': b'CMake Error in CMakeLists.txt:\n'}
[0.922000] (cpp_pubsub) StderrLine: {'line': b'  Imported target "rclcpp::rclcpp" includes non-existent path\n'}
[0.922000] (cpp_pubsub) StderrLine: {'line': b'\n'}
[0.922000] (cpp_pubsub) StderrLine: {'line': b'    "C:/ci/ws/install/include"\n'}
[0.922000] (cpp_pubsub) StderrLine: {'line': b'\n'}
[0.922000] (cpp_pubsub) StderrLine: {'line': b'  in its INTERFACE_INCLUDE_DIRECTORIES.  Possible reasons include:\n'}
[0.922000] (cpp_pubsub) StderrLine: {'line': b'\n'}
[0.922000] (cpp_pubsub) StderrLine: {'line': b'  * The path was deleted, renamed, or moved to another location.\n'}
[0.922000] (cpp_pubsub) StderrLine: {'line': b'\n'}
[0.922000] (cpp_pubsub) StderrLine: {'line': b'  * An install or uninstall procedure did not complete successfully.\n'}
[0.922000] (cpp_pubsub) StderrLine: {'line': b'\n'}
[0.922000] (cpp_pubsub) StderrLine: {'line': b'  * The installation package was faulty and references files it does not\n'}
[0.922000] (cpp_pubsub) StderrLine: {'line': b'  provide.\n'}
[0.922000] (cpp_pubsub) StderrLine: {'line': b'\n'}
[0.922000] (cpp_pubsub) StderrLine: {'line': b'\n'}
[0.922000] (cpp_pubsub) StderrLine: {'line': b'\n'}
[0.922000] (cpp_pubsub) StderrLine: {'line': b'CMake Error in CMakeLists.txt:\n'}
[0.922000] (cpp_pubsub) StderrLine: {'line': b'  Imported target "rclcpp::rclcpp" includes non-existent path\n'}
[0.922000] (cpp_pubsub) StderrLine: {'line': b'\n'}
[0.922000] (cpp_pubsub) StderrLine: {'line': b'    "C:/ci/ws/install/include"\n'}
[0.922000] (cpp_pubsub) StderrLine: {'line': b'\n'}
[0.922000] (cpp_pubsub) StderrLine: {'line': b'  in its INTERFACE_INCLUDE_DIRECTORIES.  Possible reasons include:\n'}
[0.922000] (cpp_pubsub) StderrLine: {'line': b'\n'}
[0.922000] (cpp_pubsub) StderrLine: {'line': b'  * The path was deleted, renamed, or moved to another location.\n'}
[0.922000] (cpp_pubsub) StderrLine: {'line': b'\n'}
[0.922000] (cpp_pubsub) StderrLine: {'line': b'  * An install or uninstall procedure did not complete successfully.\n'}
[0.922000] (cpp_pubsub) StderrLine: {'line': b'\n'}
[0.922000] (cpp_pubsub) StderrLine: {'line': b'  * The installation package was faulty and references files it does not\n'}
[0.922000] (cpp_pubsub) StderrLine: {'line': b'  provide.\n'}
[0.922000] (cpp_pubsub) StderrLine: {'line': b'\n'}
[0.922000] (cpp_pubsub) StderrLine: {'line': b'\n'}
[0.922000] (cpp_pubsub) StderrLine: {'line': b'\n'}
[0.937000] (cpp_pubsub) StderrLine: {'line': b'CMake Error in CMakeLists.txt:\n'}
[0.937000] (cpp_pubsub) StderrLine: {'line': b'  Imported target "rclcpp::rclcpp" includes non-existent path\n'}
[0.937000] (cpp_pubsub) StderrLine: {'line': b'\n'}
[0.937000] (cpp_pubsub) StderrLine: {'line': b'    "C:/ci/ws/install/include"\n'}
[0.937000] (cpp_pubsub) StderrLine: {'line': b'\n'}
[0.937000] (cpp_pubsub) StderrLine: {'line': b'  in its INTERFACE_INCLUDE_DIRECTORIES.  Possible reasons include:\n'}
[0.937000] (cpp_pubsub) StderrLine: {'line': b'\n'}
[0.937000] (cpp_pubsub) StderrLine: {'line': b'  * The path was deleted, renamed, or moved to another location.\n'}
[0.937000] (cpp_pubsub) StderrLine: {'line': b'\n'}
[0.937000] (cpp_pubsub) StderrLine: {'line': b'  * An install or uninstall procedure did not complete successfully.\n'}
[0.937000] (cpp_pubsub) StderrLine: {'line': b'\n'}
[0.937000] (cpp_pubsub) StderrLine: {'line': b'  * The installation package was faulty and references files it does not\n'}
[0.937000] (cpp_pubsub) StderrLine: {'line': b'  provide.\n'}
[0.937000] (cpp_pubsub) StderrLine: {'line': b'\n'}
[0.937000] (cpp_pubsub) StderrLine: {'line': b'\n'}
[0.937000] (cpp_pubsub) StderrLine: {'line': b'\n'}
[0.937000] (cpp_pubsub) StderrLine: {'line': b'CMake Error in CMakeLists.txt:\n'}
[0.937000] (cpp_pubsub) StderrLine: {'line': b'  Imported target "rclcpp::rclcpp" includes non-existent path\n'}
[0.937000] (cpp_pubsub) StderrLine: {'line': b'\n'}
[0.937000] (cpp_pubsub) StderrLine: {'line': b'    "C:/ci/ws/install/include"\n'}
[0.937000] (cpp_pubsub) StderrLine: {'line': b'\n'}
[0.937000] (cpp_pubsub) StderrLine: {'line': b'  in its INTERFACE_INCLUDE_DIRECTORIES.  Possible reasons include:\n'}
[0.937000] (cpp_pubsub) StderrLine: {'line': b'\n'}
[0.937000] (cpp_pubsub) StderrLine: {'line': b'  * The path was deleted, renamed, or moved to another location.\n'}
[0.937000] (cpp_pubsub) StderrLine: {'line': b'\n'}
[0.937000] (cpp_pubsub) StderrLine: {'line': b'  * An install or uninstall procedure did not complete successfully.\n'}
[0.937000] (cpp_pubsub) StderrLine: {'line': b'\n'}
[0.937000] (cpp_pubsub) StderrLine: {'line': b'  * The installation package was faulty and references files it does not\n'}
[0.937000] (cpp_pubsub) StderrLine: {'line': b'  provide.\n'}
[0.937000] (cpp_pubsub) StderrLine: {'line': b'\n'}
[0.937000] (cpp_pubsub) StderrLine: {'line': b'\n'}
[0.937000] (cpp_pubsub) StderrLine: {'line': b'\n'}
[0.937000] (cpp_pubsub) StderrLine: {'line': b'CMake Error in CMakeLists.txt:\n'}
[0.937000] (cpp_pubsub) StderrLine: {'line': b'  Imported target "rclcpp::rclcpp" includes non-existent path\n'}
[0.937000] (cpp_pubsub) StderrLine: {'line': b'\n'}
[0.937000] (cpp_pubsub) StderrLine: {'line': b'    "C:/ci/ws/install/include"\n'}
[0.937000] (cpp_pubsub) StderrLine: {'line': b'\n'}
[0.937000] (cpp_pubsub) StderrLine: {'line': b'  in its INTERFACE_INCLUDE_DIRECTORIES.  Possible reasons include:\n'}
[0.937000] (cpp_pubsub) StderrLine: {'line': b'\n'}
[0.937000] (cpp_pubsub) StderrLine: {'line': b'  * The path was deleted, renamed, or moved to another location.\n'}
[0.937000] (cpp_pubsub) StderrLine: {'line': b'\n'}
[0.937000] (cpp_pubsub) StderrLine: {'line': b'  * An install or uninstall procedure did not complete successfully.\n'}
[0.937000] (cpp_pubsub) StderrLine: {'line': b'\n'}
[0.937000] (cpp_pubsub) StderrLine: {'line': b'  * The installation package was faulty and references files it does not\n'}
[0.937000] (cpp_pubsub) StderrLine: {'line': b'  provide.\n'}
[0.937000] (cpp_pubsub) StderrLine: {'line': b'\n'}
[0.937000] (cpp_pubsub) StderrLine: {'line': b'\n'}
[0.937000] (cpp_pubsub) StderrLine: {'line': b'\n'}
[0.937000] (cpp_pubsub) StderrLine: {'line': b'CMake Error in CMakeLists.txt:\n'}
[0.937000] (cpp_pubsub) StderrLine: {'line': b'  Imported target "rclcpp::rclcpp" includes non-existent path\n'}
[0.937000] (cpp_pubsub) StderrLine: {'line': b'\n'}
[0.937000] (cpp_pubsub) StderrLine: {'line': b'    "C:/ci/ws/install/include"\n'}
[0.937000] (cpp_pubsub) StderrLine: {'line': b'\n'}
[0.937000] (cpp_pubsub) StderrLine: {'line': b'  in its INTERFACE_INCLUDE_DIRECTORIES.  Possible reasons include:\n'}
[0.937000] (cpp_pubsub) StderrLine: {'line': b'\n'}
[0.937000] (cpp_pubsub) StderrLine: {'line': b'  * The path was deleted, renamed, or moved to another location.\n'}
[0.937000] (cpp_pubsub) StderrLine: {'line': b'\n'}
[0.937000] (cpp_pubsub) StderrLine: {'line': b'  * An install or uninstall procedure did not complete successfully.\n'}
[0.937000] (cpp_pubsub) StderrLine: {'line': b'\n'}
[0.937000] (cpp_pubsub) StderrLine: {'line': b'  * The installation package was faulty and references files it does not\n'}
[0.937000] (cpp_pubsub) StderrLine: {'line': b'  provide.\n'}
[0.937000] (cpp_pubsub) StderrLine: {'line': b'\n'}
[0.937000] (cpp_pubsub) StderrLine: {'line': b'\n'}
[0.937000] (cpp_pubsub) StderrLine: {'line': b'\n'}
[0.953000] (cpp_pubsub) StderrLine: {'line': b'CMake Error in CMakeLists.txt:\n'}
[0.953000] (cpp_pubsub) StderrLine: {'line': b'  Imported target "rclcpp::rclcpp" includes non-existent path\n'}
[0.953000] (cpp_pubsub) StderrLine: {'line': b'\n'}
[0.953000] (cpp_pubsub) StderrLine: {'line': b'    "C:/ci/ws/install/include"\n'}
[0.953000] (cpp_pubsub) StderrLine: {'line': b'\n'}
[0.953000] (cpp_pubsub) StderrLine: {'line': b'  in its INTERFACE_INCLUDE_DIRECTORIES.  Possible reasons include:\n'}
[0.953000] (cpp_pubsub) StderrLine: {'line': b'\n'}
[0.953000] (cpp_pubsub) StderrLine: {'line': b'  * The path was deleted, renamed, or moved to another location.\n'}
[0.953000] (cpp_pubsub) StderrLine: {'line': b'\n'}
[0.953000] (cpp_pubsub) StderrLine: {'line': b'  * An install or uninstall procedure did not complete successfully.\n'}
[0.953000] (cpp_pubsub) StderrLine: {'line': b'\n'}
[0.953000] (cpp_pubsub) StderrLine: {'line': b'  * The installation package was faulty and references files it does not\n'}
[0.953000] (cpp_pubsub) StderrLine: {'line': b'  provide.\n'}
[0.953000] (cpp_pubsub) StderrLine: {'line': b'\n'}
[0.953000] (cpp_pubsub) StderrLine: {'line': b'\n'}
[0.953000] (cpp_pubsub) StderrLine: {'line': b'\n'}
[0.953000] (cpp_pubsub) StderrLine: {'line': b'CMake Error in CMakeLists.txt:\n'}
[0.953000] (cpp_pubsub) StderrLine: {'line': b'  Imported target "rclcpp::rclcpp" includes non-existent path\n'}
[0.953000] (cpp_pubsub) StderrLine: {'line': b'\n'}
[0.953000] (cpp_pubsub) StderrLine: {'line': b'    "C:/ci/ws/install/include"\n'}
[0.953000] (cpp_pubsub) StderrLine: {'line': b'\n'}
[0.953000] (cpp_pubsub) StderrLine: {'line': b'  in its INTERFACE_INCLUDE_DIRECTORIES.  Possible reasons include:\n'}
[0.953000] (cpp_pubsub) StderrLine: {'line': b'\n'}
[0.953000] (cpp_pubsub) StderrLine: {'line': b'  * The path was deleted, renamed, or moved to another location.\n'}
[0.953000] (cpp_pubsub) StderrLine: {'line': b'\n'}
[0.953000] (cpp_pubsub) StderrLine: {'line': b'  * An install or uninstall procedure did not complete successfully.\n'}
[0.953000] (cpp_pubsub) StderrLine: {'line': b'\n'}
[0.953000] (cpp_pubsub) StderrLine: {'line': b'  * The installation package was faulty and references files it does not\n'}
[0.953000] (cpp_pubsub) StderrLine: {'line': b'  provide.\n'}
[0.953000] (cpp_pubsub) StderrLine: {'line': b'\n'}
[0.953000] (cpp_pubsub) StderrLine: {'line': b'\n'}
[0.953000] (cpp_pubsub) StderrLine: {'line': b'\n'}
[0.953000] (cpp_pubsub) StderrLine: {'line': b'CMake Error in CMakeLists.txt:\n'}
[0.953000] (cpp_pubsub) StderrLine: {'line': b'  Imported target "rclcpp::rclcpp" includes non-existent path\n'}
[0.953000] (cpp_pubsub) StderrLine: {'line': b'\n'}
[0.953000] (cpp_pubsub) StderrLine: {'line': b'    "C:/ci/ws/install/include"\n'}
[0.953000] (cpp_pubsub) StderrLine: {'line': b'\n'}
[0.953000] (cpp_pubsub) StderrLine: {'line': b'  in its INTERFACE_INCLUDE_DIRECTORIES.  Possible reasons include:\n'}
[0.953000] (cpp_pubsub) StderrLine: {'line': b'\n'}
[0.953000] (cpp_pubsub) StderrLine: {'line': b'  * The path was deleted, renamed, or moved to another location.\n'}
[0.953000] (cpp_pubsub) StderrLine: {'line': b'\n'}
[0.968000] (cpp_pubsub) StderrLine: {'line': b'  * An install or uninstall procedure did not complete successfully.\n'}
[0.968000] (cpp_pubsub) StderrLine: {'line': b'\n'}
[0.968000] (cpp_pubsub) StderrLine: {'line': b'  * The installation package was faulty and references files it does not\n'}
[0.968000] (cpp_pubsub) StderrLine: {'line': b'  provide.\n'}
[0.968000] (cpp_pubsub) StderrLine: {'line': b'\n'}
[0.968000] (cpp_pubsub) StderrLine: {'line': b'\n'}
[0.968000] (cpp_pubsub) StderrLine: {'line': b'\n'}
[0.968000] (cpp_pubsub) StderrLine: {'line': b'CMake Error in CMakeLists.txt:\n'}
[0.968000] (cpp_pubsub) StderrLine: {'line': b'  Imported target "rclcpp::rclcpp" includes non-existent path\n'}
[0.968000] (cpp_pubsub) StderrLine: {'line': b'\n'}
[0.968000] (cpp_pubsub) StderrLine: {'line': b'    "C:/ci/ws/install/include"\n'}
[0.968000] (cpp_pubsub) StderrLine: {'line': b'\n'}
[0.968000] (cpp_pubsub) StderrLine: {'line': b'  in its INTERFACE_INCLUDE_DIRECTORIES.  Possible reasons include:\n'}
[0.968000] (cpp_pubsub) StderrLine: {'line': b'\n'}
[0.968000] (cpp_pubsub) StderrLine: {'line': b'  * The path was deleted, renamed, or moved to another location.\n'}
[0.968000] (cpp_pubsub) StderrLine: {'line': b'\n'}
[0.968000] (cpp_pubsub) StderrLine: {'line': b'  * An install or uninstall procedure did not complete successfully.\n'}
[0.968000] (cpp_pubsub) StderrLine: {'line': b'\n'}
[0.968000] (cpp_pubsub) StderrLine: {'line': b'  * The installation package was faulty and references files it does not\n'}
[0.968000] (cpp_pubsub) StderrLine: {'line': b'  provide.\n'}
[0.968000] (cpp_pubsub) StderrLine: {'line': b'\n'}
[0.968000] (cpp_pubsub) StderrLine: {'line': b'\n'}
[0.968000] (cpp_pubsub) StderrLine: {'line': b'\n'}
[0.968000] (cpp_pubsub) StderrLine: {'line': b'CMake Error in CMakeLists.txt:\n'}
[0.968000] (cpp_pubsub) StderrLine: {'line': b'  Imported target "rclcpp::rclcpp" includes non-existent path\n'}
[0.968000] (cpp_pubsub) StderrLine: {'line': b'\n'}
[0.968000] (cpp_pubsub) StderrLine: {'line': b'    "C:/ci/ws/install/include"\n'}
[0.968000] (cpp_pubsub) StderrLine: {'line': b'\n'}
[0.968000] (cpp_pubsub) StderrLine: {'line': b'  in its INTERFACE_INCLUDE_DIRECTORIES.  Possible reasons include:\n'}
[0.968000] (cpp_pubsub) StderrLine: {'line': b'\n'}
[0.968000] (cpp_pubsub) StderrLine: {'line': b'  * The path was deleted, renamed, or moved to another location.\n'}
[0.968000] (cpp_pubsub) StderrLine: {'line': b'\n'}
[0.968000] (cpp_pubsub) StderrLine: {'line': b'  * An install or uninstall procedure did not complete successfully.\n'}
[0.968000] (cpp_pubsub) StderrLine: {'line': b'\n'}
[0.968000] (cpp_pubsub) StderrLine: {'line': b'  * The installation package was faulty and references files it does not\n'}
[0.968000] (cpp_pubsub) StderrLine: {'line': b'  provide.\n'}
[0.968000] (cpp_pubsub) StderrLine: {'line': b'\n'}
[0.968000] (cpp_pubsub) StderrLine: {'line': b'\n'}
[0.968000] (cpp_pubsub) StderrLine: {'line': b'\n'}
[0.968000] (cpp_pubsub) StderrLine: {'line': b'CMake Error in CMakeLists.txt:\n'}
[0.968000] (cpp_pubsub) StderrLine: {'line': b'  Imported target "rclcpp::rclcpp" includes non-existent path\n'}
[0.968000] (cpp_pubsub) StderrLine: {'line': b'\n'}
[0.968000] (cpp_pubsub) StderrLine: {'line': b'    "C:/ci/ws/install/include"\n'}
[0.968000] (cpp_pubsub) StderrLine: {'line': b'\n'}
[0.968000] (cpp_pubsub) StderrLine: {'line': b'  in its INTERFACE_INCLUDE_DIRECTORIES.  Possible reasons include:\n'}
[0.968000] (cpp_pubsub) StderrLine: {'line': b'\n'}
[0.968000] (cpp_pubsub) StderrLine: {'line': b'  * The path was deleted, renamed, or moved to another location.\n'}
[0.968000] (cpp_pubsub) StderrLine: {'line': b'\n'}
[0.968000] (cpp_pubsub) StderrLine: {'line': b'  * An install or uninstall procedure did not complete successfully.\n'}
[0.968000] (cpp_pubsub) StderrLine: {'line': b'\n'}
[0.968000] (cpp_pubsub) StderrLine: {'line': b'  * The installation package was faulty and references files it does not\n'}
[0.968000] (cpp_pubsub) StderrLine: {'line': b'  provide.\n'}
[0.968000] (cpp_pubsub) StderrLine: {'line': b'\n'}
[0.968000] (cpp_pubsub) StderrLine: {'line': b'\n'}
[0.968000] (cpp_pubsub) StderrLine: {'line': b'\n'}
[0.968000] (cpp_pubsub) StderrLine: {'line': b'CMake Error in CMakeLists.txt:\n'}
[0.968000] (cpp_pubsub) StderrLine: {'line': b'  Imported target "rclcpp::rclcpp" includes non-existent path\n'}
[0.968000] (cpp_pubsub) StderrLine: {'line': b'\n'}
[0.968000] (cpp_pubsub) StderrLine: {'line': b'    "C:/ci/ws/install/include"\n'}
[0.968000] (cpp_pubsub) StderrLine: {'line': b'\n'}
[0.968000] (cpp_pubsub) StderrLine: {'line': b'  in its INTERFACE_INCLUDE_DIRECTORIES.  Possible reasons include:\n'}
[0.968000] (cpp_pubsub) StderrLine: {'line': b'\n'}
[0.968000] (cpp_pubsub) StderrLine: {'line': b'  * The path was deleted, renamed, or moved to another location.\n'}
[0.968000] (cpp_pubsub) StderrLine: {'line': b'\n'}
[0.968000] (cpp_pubsub) StderrLine: {'line': b'  * An install or uninstall procedure did not complete successfully.\n'}
[0.968000] (cpp_pubsub) StderrLine: {'line': b'\n'}
[0.968000] (cpp_pubsub) StderrLine: {'line': b'  * The installation package was faulty and references files it does not\n'}
[0.968000] (cpp_pubsub) StderrLine: {'line': b'  provide.\n'}
[0.968000] (cpp_pubsub) StderrLine: {'line': b'\n'}
[0.968000] (cpp_pubsub) StderrLine: {'line': b'\n'}
[0.968000] (cpp_pubsub) StderrLine: {'line': b'\n'}
[0.968000] (cpp_pubsub) StderrLine: {'line': b'CMake Error in CMakeLists.txt:\n'}
[0.968000] (cpp_pubsub) StderrLine: {'line': b'  Imported target "rclcpp::rclcpp" includes non-existent path\n'}
[0.968000] (cpp_pubsub) StderrLine: {'line': b'\n'}
[0.968000] (cpp_pubsub) StderrLine: {'line': b'    "C:/ci/ws/install/include"\n'}
[0.968000] (cpp_pubsub) StderrLine: {'line': b'\n'}
[0.968000] (cpp_pubsub) StderrLine: {'line': b'  in its INTERFACE_INCLUDE_DIRECTORIES.  Possible reasons include:\n'}
[0.968000] (cpp_pubsub) StderrLine: {'line': b'\n'}
[0.968000] (cpp_pubsub) StderrLine: {'line': b'  * The path was deleted, renamed, or moved to another location.\n'}
[0.968000] (cpp_pubsub) StderrLine: {'line': b'\n'}
[0.968000] (cpp_pubsub) StderrLine: {'line': b'  * An install or uninstall procedure did not complete successfully.\n'}
[0.968000] (cpp_pubsub) StderrLine: {'line': b'\n'}
[0.968000] (cpp_pubsub) StderrLine: {'line': b'  * The installation package was faulty and references files it does not\n'}
[0.968000] (cpp_pubsub) StderrLine: {'line': b'  provide.\n'}
[0.968000] (cpp_pubsub) StderrLine: {'line': b'\n'}
[0.968000] (cpp_pubsub) StderrLine: {'line': b'\n'}
[0.968000] (cpp_pubsub) StderrLine: {'line': b'\n'}
[0.968000] (cpp_pubsub) StderrLine: {'line': b'CMake Error in CMakeLists.txt:\n'}
[0.968000] (cpp_pubsub) StderrLine: {'line': b'  Imported target "rclcpp::rclcpp" includes non-existent path\n'}
[0.968000] (cpp_pubsub) StderrLine: {'line': b'\n'}
[0.968000] (cpp_pubsub) StderrLine: {'line': b'    "C:/ci/ws/install/include"\n'}
[0.968000] (cpp_pubsub) StderrLine: {'line': b'\n'}
[0.968000] (cpp_pubsub) StderrLine: {'line': b'  in its INTERFACE_INCLUDE_DIRECTORIES.  Possible reasons include:\n'}
[0.968000] (cpp_pubsub) StderrLine: {'line': b'\n'}
[0.968000] (cpp_pubsub) StderrLine: {'line': b'  * The path was deleted, renamed, or moved to another location.\n'}
[0.968000] (cpp_pubsub) StderrLine: {'line': b'\n'}
[0.968000] (cpp_pubsub) StderrLine: {'line': b'  * An install or uninstall procedure did not complete successfully.\n'}
[0.968000] (cpp_pubsub) StderrLine: {'line': b'\n'}
[0.968000] (cpp_pubsub) StderrLine: {'line': b'  * The installation package was faulty and references files it does not\n'}
[0.968000] (cpp_pubsub) StderrLine: {'line': b'  provide.\n'}
[0.968000] (cpp_pubsub) StderrLine: {'line': b'\n'}
[0.968000] (cpp_pubsub) StderrLine: {'line': b'\n'}
[0.968000] (cpp_pubsub) StderrLine: {'line': b'\n'}
[0.968000] (cpp_pubsub) StderrLine: {'line': b'CMake Error in CMakeLists.txt:\n'}
[0.968000] (cpp_pubsub) StderrLine: {'line': b'  Imported target "rclcpp::rclcpp" includes non-existent path\n'}
[0.968000] (cpp_pubsub) StderrLine: {'line': b'\n'}
[0.968000] (cpp_pubsub) StderrLine: {'line': b'    "C:/ci/ws/install/include"\n'}
[0.968000] (cpp_pubsub) StderrLine: {'line': b'\n'}
[0.968000] (cpp_pubsub) StderrLine: {'line': b'  in its INTERFACE_INCLUDE_DIRECTORIES.  Possible reasons include:\n'}
[0.968000] (cpp_pubsub) StderrLine: {'line': b'\n'}
[0.968000] (cpp_pubsub) StderrLine: {'line': b'  * The path was deleted, renamed, or moved to another location.\n'}
[0.968000] (cpp_pubsub) StderrLine: {'line': b'\n'}
[0.968000] (cpp_pubsub) StderrLine: {'line': b'  * An install or uninstall procedure did not complete successfully.\n'}
[0.968000] (cpp_pubsub) StderrLine: {'line': b'\n'}
[0.968000] (cpp_pubsub) StderrLine: {'line': b'  * The installation package was faulty and references files it does not\n'}
[0.968000] (cpp_pubsub) StderrLine: {'line': b'  provide.\n'}
[0.968000] (cpp_pubsub) StderrLine: {'line': b'\n'}
[0.968000] (cpp_pubsub) StderrLine: {'line': b'\n'}
[0.968000] (cpp_pubsub) StderrLine: {'line': b'\n'}
[0.968000] (cpp_pubsub) StderrLine: {'line': b'CMake Error in CMakeLists.txt:\n'}
[0.968000] (cpp_pubsub) StderrLine: {'line': b'  Imported target "rclcpp::rclcpp" includes non-existent path\n'}
[0.968000] (cpp_pubsub) StderrLine: {'line': b'\n'}
[0.968000] (cpp_pubsub) StderrLine: {'line': b'    "C:/ci/ws/install/include"\n'}
[0.968000] (cpp_pubsub) StderrLine: {'line': b'\n'}
[0.968000] (cpp_pubsub) StderrLine: {'line': b'  in its INTERFACE_INCLUDE_DIRECTORIES.  Possible reasons include:\n'}
[0.968000] (cpp_pubsub) StderrLine: {'line': b'\n'}
[0.968000] (cpp_pubsub) StderrLine: {'line': b'  * The path was deleted, renamed, or moved to another location.\n'}
[0.968000] (cpp_pubsub) StderrLine: {'line': b'\n'}
[0.968000] (cpp_pubsub) StderrLine: {'line': b'  * An install or uninstall procedure did not complete successfully.\n'}
[0.968000] (cpp_pubsub) StderrLine: {'line': b'\n'}
[0.968000] (cpp_pubsub) StderrLine: {'line': b'  * The installation package was faulty and references files it does not\n'}
[0.968000] (cpp_pubsub) StderrLine: {'line': b'  provide.\n'}
[0.968000] (cpp_pubsub) StderrLine: {'line': b'\n'}
[0.968000] (cpp_pubsub) StderrLine: {'line': b'\n'}
[0.968000] (cpp_pubsub) StderrLine: {'line': b'\n'}
[0.968000] (cpp_pubsub) StderrLine: {'line': b'CMake Error in CMakeLists.txt:\n'}
[0.968000] (cpp_pubsub) StderrLine: {'line': b'  Imported target "rclcpp::rclcpp" includes non-existent path\n'}
[0.968000] (cpp_pubsub) StderrLine: {'line': b'\n'}
[0.968000] (cpp_pubsub) StderrLine: {'line': b'    "C:/ci/ws/install/include"\n'}
[0.968000] (cpp_pubsub) StderrLine: {'line': b'\n'}
[0.968000] (cpp_pubsub) StderrLine: {'line': b'  in its INTERFACE_INCLUDE_DIRECTORIES.  Possible reasons include:\n'}
[0.968000] (cpp_pubsub) StderrLine: {'line': b'\n'}
[0.968000] (cpp_pubsub) StderrLine: {'line': b'  * The path was deleted, renamed, or moved to another location.\n'}
[0.968000] (cpp_pubsub) StderrLine: {'line': b'\n'}
[0.968000] (cpp_pubsub) StderrLine: {'line': b'  * An install or uninstall procedure did not complete successfully.\n'}
[0.968000] (cpp_pubsub) StderrLine: {'line': b'\n'}
[0.968000] (cpp_pubsub) StderrLine: {'line': b'  * The installation package was faulty and references files it does not\n'}
[0.968000] (cpp_pubsub) StderrLine: {'line': b'  provide.\n'}
[0.968000] (cpp_pubsub) StderrLine: {'line': b'\n'}
[0.968000] (cpp_pubsub) StderrLine: {'line': b'\n'}
[0.968000] (cpp_pubsub) StderrLine: {'line': b'\n'}
[1.000000] (-) TimerEvent: {}
[1.062000] (cpp_pubsub) StdoutLine: {'line': b'-- Generating done\n'}
[1.078000] (cpp_pubsub) StderrLine: {'line': b'CMake Generate step failed.  Build files cannot be regenerated correctly.\n'}
[1.078000] (cpp_pubsub) CommandEnded: {'returncode': 1}
[1.109000] (cpp_pubsub) JobEnded: {'identifier': 'cpp_pubsub', 'rc': 1}
[1.109000] (-) TimerEvent: {}
[1.125000] (-) EventReactorShutdown: {}
