[0.553s] [34mcolcon[0m [1;30mDEBUG[0m [32mCommand line arguments: ['C:\\Python38\\Scripts\\colcon', 'build'][0m
[0.553s] [34mcolcon[0m [1;30mDEBUG[0m [32mParsed command line arguments: Namespace(allow_overriding=[], ament_cmake_args=None, base_paths=['.'], build_base='build', catkin_cmake_args=None, catkin_skip_building_tests=False, cmake_args=None, cmake_clean_cache=False, cmake_clean_first=False, cmake_force_configure=False, cmake_target=None, cmake_target_skip_unavailable=False, continue_on_error=False, event_handlers=None, executor='parallel', ignore_user_meta=False, install_base='install', log_base=None, log_level=None, main=<bound method BuildVerb.main of <colcon_core.verb.build.BuildVerb object at 0x000001269A8C73A0>>, merge_install=False, metas=['./colcon.meta'], packages_above=None, packages_above_and_dependencies=None, packages_above_depth=None, packages_end=None, packages_ignore=None, packages_ignore_regex=None, packages_select=None, packages_select_build_failed=False, packages_select_by_dep=None, packages_select_regex=None, packages_select_test_failures=False, packages_skip=None, packages_skip_build_finished=False, packages_skip_by_dep=None, packages_skip_regex=None, packages_skip_test_passed=False, packages_skip_up_to=None, packages_start=None, packages_up_to=None, packages_up_to_regex=None, parallel_workers=16, paths=None, symlink_install=False, test_result_base=None, verb_extension=<colcon_core.verb.build.BuildVerb object at 0x000001269A8C73A0>, verb_name='build', verb_parser=<colcon_defaults.argument_parser.defaults.DefaultArgumentsDecorator object at 0x000001269ACC9820>)[0m
[0.574s] [34mcolcon.colcon_core.package_discovery[0m [1;30mLevel 1[0m discover_packages(colcon_meta) check parameters
[0.574s] [34mcolcon.colcon_core.package_discovery[0m [1;30mLevel 1[0m discover_packages(recursive) check parameters
[0.574s] [34mcolcon.colcon_core.package_discovery[0m [1;30mLevel 1[0m discover_packages(ignore) check parameters
[0.574s] [34mcolcon.colcon_core.package_discovery[0m [1;30mLevel 1[0m discover_packages(path) check parameters
[0.574s] [34mcolcon.colcon_core.package_discovery[0m [1;30mLevel 1[0m discover_packages(colcon_meta) discover
[0.574s] [34mcolcon.colcon_core.package_discovery[0m [1;30mLevel 1[0m discover_packages(recursive) discover
[0.574s] [34mcolcon.colcon_core.package_discovery[0m [1;30mINFO[0m Crawling recursively for packages in 'D:\Escritorio\myspore\Programacion\ROS_2_ANDROID-master'
[0.574s] [34mcolcon.colcon_core.package_identification[0m [1;30mLevel 1[0m _identify(.) by extensions ['ignore', 'ignore_ament_install']
[0.574s] [34mcolcon.colcon_core.package_identification[0m [1;30mLevel 1[0m _identify(.) by extension 'ignore'
[0.574s] [34mcolcon.colcon_core.package_identification[0m [1;30mLevel 1[0m _identify(.) by extension 'ignore_ament_install'
[0.574s] [34mcolcon.colcon_core.package_identification[0m [1;30mLevel 1[0m _identify(.) by extensions ['colcon_pkg']
[0.574s] [34mcolcon.colcon_core.package_identification[0m [1;30mLevel 1[0m _identify(.) by extension 'colcon_pkg'
[0.575s] [34mcolcon.colcon_core.package_identification[0m [1;30mLevel 1[0m _identify(.) by extensions ['colcon_meta']
[0.575s] [34mcolcon.colcon_core.package_identification[0m [1;30mLevel 1[0m _identify(.) by extension 'colcon_meta'
[0.575s] [34mcolcon.colcon_core.package_identification[0m [1;30mLevel 1[0m _identify(.) by extensions ['ros']
[0.575s] [34mcolcon.colcon_core.package_identification[0m [1;30mLevel 1[0m _identify(.) by extension 'ros'
[0.623s] [34mcolcon.colcon_core.package_identification[0m [1;30mDEBUG[0m [32mPackage '.' with type 'ros.ament_cmake' and name 'cpp_pubsub'[0m
[0.623s] [34mcolcon.colcon_core.package_discovery[0m [1;30mLevel 1[0m discover_packages(recursive) using defaults
[0.623s] [34mcolcon.colcon_core.package_discovery[0m [1;30mLevel 1[0m discover_packages(ignore) discover
[0.623s] [34mcolcon.colcon_core.package_discovery[0m [1;30mLevel 1[0m discover_packages(ignore) using defaults
[0.623s] [34mcolcon.colcon_core.package_discovery[0m [1;30mLevel 1[0m discover_packages(path) discover
[0.623s] [34mcolcon.colcon_core.package_discovery[0m [1;30mLevel 1[0m discover_packages(path) using defaults
[0.665s] [34mcolcon.colcon_core.verb[0m [1;30mLevel 5[0m set package 'cpp_pubsub' build argument 'cmake_args' from command line to 'None'
[0.665s] [34mcolcon.colcon_core.verb[0m [1;30mLevel 5[0m set package 'cpp_pubsub' build argument 'cmake_target' from command line to 'None'
[0.665s] [34mcolcon.colcon_core.verb[0m [1;30mLevel 5[0m set package 'cpp_pubsub' build argument 'cmake_target_skip_unavailable' from command line to 'False'
[0.665s] [34mcolcon.colcon_core.verb[0m [1;30mLevel 5[0m set package 'cpp_pubsub' build argument 'cmake_clean_cache' from command line to 'False'
[0.665s] [34mcolcon.colcon_core.verb[0m [1;30mLevel 5[0m set package 'cpp_pubsub' build argument 'cmake_clean_first' from command line to 'False'
[0.665s] [34mcolcon.colcon_core.verb[0m [1;30mLevel 5[0m set package 'cpp_pubsub' build argument 'cmake_force_configure' from command line to 'False'
[0.665s] [34mcolcon.colcon_core.verb[0m [1;30mLevel 5[0m set package 'cpp_pubsub' build argument 'ament_cmake_args' from command line to 'None'
[0.665s] [34mcolcon.colcon_core.verb[0m [1;30mLevel 5[0m set package 'cpp_pubsub' build argument 'catkin_cmake_args' from command line to 'None'
[0.665s] [34mcolcon.colcon_core.verb[0m [1;30mLevel 5[0m set package 'cpp_pubsub' build argument 'catkin_skip_building_tests' from command line to 'False'
[0.665s] [34mcolcon.colcon_core.verb[0m [1;30mDEBUG[0m [32mBuilding package 'cpp_pubsub' with the following arguments: {'ament_cmake_args': None, 'build_base': 'D:\\Escritorio\\myspore\\Programacion\\ROS_2_ANDROID-master\\build\\cpp_pubsub', 'catkin_cmake_args': None, 'catkin_skip_building_tests': False, 'cmake_args': None, 'cmake_clean_cache': False, 'cmake_clean_first': False, 'cmake_force_configure': False, 'cmake_target': None, 'cmake_target_skip_unavailable': False, 'install_base': 'D:\\Escritorio\\myspore\\Programacion\\ROS_2_ANDROID-master\\install\\cpp_pubsub', 'merge_install': False, 'path': 'D:\\Escritorio\\myspore\\Programacion\\ROS_2_ANDROID-master', 'symlink_install': False, 'test_result_base': None}[0m
[0.725s] [34mcolcon.colcon_core.executor[0m [1;30mINFO[0m Executing jobs using 'parallel' executor
[0.739s] [34mcolcon.colcon_parallel_executor.executor.parallel[0m [1;30mDEBUG[0m [32mrun_until_complete[0m
[0.739s] [34mcolcon.colcon_ros.task.ament_cmake.build[0m [1;30mINFO[0m Building ROS package in 'D:\Escritorio\myspore\Programacion\ROS_2_ANDROID-master' with build type 'ament_cmake'
[0.739s] [34mcolcon.colcon_cmake.task.cmake.build[0m [1;30mINFO[0m Building CMake package in 'D:\Escritorio\myspore\Programacion\ROS_2_ANDROID-master'
[0.745s] [34mcolcon.colcon_core.plugin_system[0m [1;30mINFO[0m Skipping extension 'colcon_core.shell.sh': Not used on Windows systems
[0.745s] [34mcolcon.colcon_core.shell[0m [1;30mINFO[0m Skip shell extension 'powershell' for command environment: Not usable outside of PowerShell
[0.819s] [34mcolcon.colcon_core.event_handler.log_command[0m [1;30mDEBUG[0m [32mInvoking command in 'D:\Escritorio\myspore\Programacion\ROS_2_ANDROID-master\build\cpp_pubsub': C:\Program Files\CMake\bin\cmake.EXE D:\Escritorio\myspore\Programacion\ROS_2_ANDROID-master -DCMAKE_INSTALL_PREFIX=D:\Escritorio\myspore\Programacion\ROS_2_ANDROID-master\install\cpp_pubsub[0m
[1.811s] [34mcolcon.colcon_core.event_handler.log_command[0m [1;30mDEBUG[0m [32mInvoked command in 'D:\Escritorio\myspore\Programacion\ROS_2_ANDROID-master\build\cpp_pubsub' returned '1': C:\Program Files\CMake\bin\cmake.EXE D:\Escritorio\myspore\Programacion\ROS_2_ANDROID-master -DCMAKE_INSTALL_PREFIX=D:\Escritorio\myspore\Programacion\ROS_2_ANDROID-master\install\cpp_pubsub[0m
[1.816s] [34mcolcon.colcon_core.environment[0m [1;30mLevel 1[0m create_environment_scripts_only(cpp_pubsub)
[1.828s] [34mcolcon.colcon_core.environment[0m [1;30mLevel 1[0m checking 'D:\Escritorio\myspore\Programacion\ROS_2_ANDROID-master\install\cpp_pubsub' for CMake module files
[1.829s] [34mcolcon.colcon_core.environment[0m [1;30mLevel 1[0m checking 'D:\Escritorio\myspore\Programacion\ROS_2_ANDROID-master\install\cpp_pubsub' for CMake config files
[1.829s] [34mcolcon.colcon_core.environment[0m [1;30mLevel 1[0m checking 'D:\Escritorio\myspore\Programacion\ROS_2_ANDROID-master\install\cpp_pubsub\bin'
[1.829s] [34mcolcon.colcon_core.environment[0m [1;30mLevel 1[0m checking 'D:\Escritorio\myspore\Programacion\ROS_2_ANDROID-master\install\cpp_pubsub\bin'
[1.829s] [34mcolcon.colcon_core.environment[0m [1;30mLevel 1[0m checking 'D:\Escritorio\myspore\Programacion\ROS_2_ANDROID-master\install\cpp_pubsub\Scripts'
[1.830s] [34mcolcon.colcon_core.environment[0m [1;30mLevel 1[0m checking 'D:\Escritorio\myspore\Programacion\ROS_2_ANDROID-master\install\cpp_pubsub\lib\pkgconfig\cpp_pubsub.pc'
[1.830s] [34mcolcon.colcon_core.environment[0m [1;30mLevel 1[0m checking 'D:\Escritorio\myspore\Programacion\ROS_2_ANDROID-master\install\cpp_pubsub\Lib\site-packages'
[1.833s] [34mcolcon.colcon_core.shell[0m [1;30mINFO[0m Creating package script 'D:\Escritorio\myspore\Programacion\ROS_2_ANDROID-master\install\cpp_pubsub\share\cpp_pubsub\package.ps1'
[1.834s] [34mcolcon.colcon_core.shell[0m [1;30mINFO[0m Creating package script 'D:\Escritorio\myspore\Programacion\ROS_2_ANDROID-master\install\cpp_pubsub\share\cpp_pubsub\package.bat'
[1.835s] [34mcolcon.colcon_core.shell[0m [1;30mINFO[0m Creating package descriptor 'D:\Escritorio\myspore\Programacion\ROS_2_ANDROID-master\install\cpp_pubsub\share\cpp_pubsub\package.dsv'
[1.836s] [34mcolcon.colcon_core.environment[0m [1;30mLevel 1[0m create_file_with_runtime_dependencies(D:\Escritorio\myspore\Programacion\ROS_2_ANDROID-master\install\cpp_pubsub\share\colcon-core\packages\cpp_pubsub)
[1.857s] [34mcolcon.colcon_parallel_executor.executor.parallel[0m [1;30mDEBUG[0m [32mrun_until_complete finished with '1'[0m
[1.857s] [34mcolcon.colcon_core.event_reactor[0m [1;30mDEBUG[0m [32mjoining thread[0m
[1.868s] [34mcolcon.colcon_core.plugin_system[0m [1;30mINFO[0m Skipping extension 'colcon_notification.desktop_notification.notify2': 'notify2' not found
[1.868s] [34mcolcon.colcon_core.plugin_system[0m [1;30mINFO[0m Skipping extension 'colcon_notification.desktop_notification.notify_send': Not used on non-Linux systems
[1.869s] [34mcolcon.colcon_core.plugin_system[0m [1;30mINFO[0m Skipping extension 'colcon_notification.desktop_notification.terminal_notifier': Not used on non-Darwin systems
[1.869s] [34mcolcon.colcon_notification.desktop_notification[0m [1;30mINFO[0m Sending desktop notification using 'win32'
[6.933s] [34mcolcon.colcon_core.event_reactor[0m [1;30mDEBUG[0m [32mjoined thread[0m
[6.937s] [34mcolcon.colcon_core.shell[0m [1;30mINFO[0m Creating prefix script 'D:\Escritorio\myspore\Programacion\ROS_2_ANDROID-master\install\local_setup.ps1'
[6.939s] [34mcolcon.colcon_core.shell[0m [1;30mINFO[0m Creating prefix util module 'D:\Escritorio\myspore\Programacion\ROS_2_ANDROID-master\install\_local_setup_util_ps1.py'
[6.940s] [34mcolcon.colcon_core.shell[0m [1;30mINFO[0m Creating prefix chain script 'D:\Escritorio\myspore\Programacion\ROS_2_ANDROID-master\install\setup.ps1'
[6.945s] [34mcolcon.colcon_core.shell[0m [1;30mINFO[0m Creating prefix script 'D:\Escritorio\myspore\Programacion\ROS_2_ANDROID-master\install\local_setup.bat'
[6.946s] [34mcolcon.colcon_core.shell[0m [1;30mINFO[0m Creating prefix util module 'D:\Escritorio\myspore\Programacion\ROS_2_ANDROID-master\install\_local_setup_util_bat.py'
[6.946s] [34mcolcon.colcon_core.shell[0m [1;30mINFO[0m Creating prefix chain script 'D:\Escritorio\myspore\Programacion\ROS_2_ANDROID-master\install\setup.bat'
