CMake Error in CMakeLists.txt:
  Imported target "rclcpp::rclcpp" includes non-existent path

    "C:/ci/ws/install/include"

  in its INTERFACE_INCLUDE_DIRECTORIES.  Possible reasons include:

  * The path was deleted, renamed, or moved to another location.

  * An install or uninstall procedure did not complete successfully.

  * The installation package was faulty and references files it does not
  provide.



CMake Error in CMakeLists.txt:
  Imported target "rclcpp::rclcpp" includes non-existent path

    "C:/ci/ws/install/include"

  in its INTERFACE_INCLUDE_DIRECTORIES.  Possible reasons include:

  * The path was deleted, renamed, or moved to another location.

  * An install or uninstall procedure did not complete successfully.

  * The installation package was faulty and references files it does not
  provide.



CMake Error in CMakeLists.txt:
  Imported target "rclcpp::rclcpp" includes non-existent path

    "C:/ci/ws/install/include"

  in its INTERFACE_INCLUDE_DIRECTORIES.  Possible reasons include:

  * The path was deleted, renamed, or moved to another location.

  * An install or uninstall procedure did not complete successfully.

  * The installation package was faulty and references files it does not
  provide.



CMake Error in CMakeLists.txt:
  Imported target "rclcpp::rclcpp" includes non-existent path

    "C:/ci/ws/install/include"

  in its INTERFACE_INCLUDE_DIRECTORIES.  Possible reasons include:

  * The path was deleted, renamed, or moved to another location.

  * An install or uninstall procedure did not complete successfully.

  * The installation package was faulty and references files it does not
  provide.



CMake Error in CMakeLists.txt:
  Imported target "rclcpp::rclcpp" includes non-existent path

    "C:/ci/ws/install/include"

  in its INTERFACE_INCLUDE_DIRECTORIES.  Possible reasons include:

  * The path was deleted, renamed, or moved to another location.

  * An install or uninstall procedure did not complete successfully.

  * The installation package was faulty and references files it does not
  provide.



CMake Error in CMakeLists.txt:
  Imported target "rclcpp::rclcpp" includes non-existent path

    "C:/ci/ws/install/include"

  in its INTERFACE_INCLUDE_DIRECTORIES.  Possible reasons include:

  * The path was deleted, renamed, or moved to another location.

  * An install or uninstall procedure did not complete successfully.

  * The installation package was faulty and references files it does not
  provide.



CMake Error in CMakeLists.txt:
  Imported target "rclcpp::rclcpp" includes non-existent path

    "C:/ci/ws/install/include"

  in its INTERFACE_INCLUDE_DIRECTORIES.  Possible reasons include:

  * The path was deleted, renamed, or moved to another location.

  * An install or uninstall procedure did not complete successfully.

  * The installation package was faulty and references files it does not
  provide.



CMake Error in CMakeLists.txt:
  Imported target "rclcpp::rclcpp" includes non-existent path

    "C:/ci/ws/install/include"

  in its INTERFACE_INCLUDE_DIRECTORIES.  Possible reasons include:

  * The path was deleted, renamed, or moved to another location.

  * An install or uninstall procedure did not complete successfully.

  * The installation package was faulty and references files it does not
  provide.



CMake Error in CMakeLists.txt:
  Imported target "rclcpp::rclcpp" includes non-existent path

    "C:/ci/ws/install/include"

  in its INTERFACE_INCLUDE_DIRECTORIES.  Possible reasons include:

  * The path was deleted, renamed, or moved to another location.

  * An install or uninstall procedure did not complete successfully.

  * The installation package was faulty and references files it does not
  provide.



CMake Error in CMakeLists.txt:
  Imported target "rclcpp::rclcpp" includes non-existent path

    "C:/ci/ws/install/include"

  in its INTERFACE_INCLUDE_DIRECTORIES.  Possible reasons include:

  * The path was deleted, renamed, or moved to another location.

  * An install or uninstall procedure did not complete successfully.

  * The installation package was faulty and references files it does not
  provide.



CMake Error in CMakeLists.txt:
  Imported target "rclcpp::rclcpp" includes non-existent path

    "C:/ci/ws/install/include"

  in its INTERFACE_INCLUDE_DIRECTORIES.  Possible reasons include:

  * The path was deleted, renamed, or moved to another location.

  * An install or uninstall procedure did not complete successfully.

  * The installation package was faulty and references files it does not
  provide.



CMake Error in CMakeLists.txt:
  Imported target "rclcpp::rclcpp" includes non-existent path

    "C:/ci/ws/install/include"

  in its INTERFACE_INCLUDE_DIRECTORIES.  Possible reasons include:

  * The path was deleted, renamed, or moved to another location.

  * An install or uninstall procedure did not complete successfully.

  * The installation package was faulty and references files it does not
  provide.



CMake Error in CMakeLists.txt:
  Imported target "rclcpp::rclcpp" includes non-existent path

    "C:/ci/ws/install/include"

  in its INTERFACE_INCLUDE_DIRECTORIES.  Possible reasons include:

  * The path was deleted, renamed, or moved to another location.

  * An install or uninstall procedure did not complete successfully.

  * The installation package was faulty and references files it does not
  provide.



CMake Error in CMakeLists.txt:
  Imported target "rclcpp::rclcpp" includes non-existent path

    "C:/ci/ws/install/include"

  in its INTERFACE_INCLUDE_DIRECTORIES.  Possible reasons include:

  * The path was deleted, renamed, or moved to another location.

  * An install or uninstall procedure did not complete successfully.

  * The installation package was faulty and references files it does not
  provide.



CMake Error in CMakeLists.txt:
  Imported target "rclcpp::rclcpp" includes non-existent path

    "C:/ci/ws/install/include"

  in its INTERFACE_INCLUDE_DIRECTORIES.  Possible reasons include:

  * The path was deleted, renamed, or moved to another location.

  * An install or uninstall procedure did not complete successfully.

  * The installation package was faulty and references files it does not
  provide.



CMake Error in CMakeLists.txt:
  Imported target "rclcpp::rclcpp" includes non-existent path

    "C:/ci/ws/install/include"

  in its INTERFACE_INCLUDE_DIRECTORIES.  Possible reasons include:

  * The path was deleted, renamed, or moved to another location.

  * An install or uninstall procedure did not complete successfully.

  * The installation package was faulty and references files it does not
  provide.



CMake Error in CMakeLists.txt:
  Imported target "rclcpp::rclcpp" includes non-existent path

    "C:/ci/ws/install/include"

  in its INTERFACE_INCLUDE_DIRECTORIES.  Possible reasons include:

  * The path was deleted, renamed, or moved to another location.

  * An install or uninstall procedure did not complete successfully.

  * The installation package was faulty and references files it does not
  provide.



CMake Error in CMakeLists.txt:
  Imported target "rclcpp::rclcpp" includes non-existent path

    "C:/ci/ws/install/include"

  in its INTERFACE_INCLUDE_DIRECTORIES.  Possible reasons include:

  * The path was deleted, renamed, or moved to another location.

  * An install or uninstall procedure did not complete successfully.

  * The installation package was faulty and references files it does not
  provide.



CMake Error in CMakeLists.txt:
  Imported target "rclcpp::rclcpp" includes non-existent path

    "C:/ci/ws/install/include"

  in its INTERFACE_INCLUDE_DIRECTORIES.  Possible reasons include:

  * The path was deleted, renamed, or moved to another location.

  * An install or uninstall procedure did not complete successfully.

  * The installation package was faulty and references files it does not
  provide.



CMake Error in CMakeLists.txt:
  Imported target "rclcpp::rclcpp" includes non-existent path

    "C:/ci/ws/install/include"

  in its INTERFACE_INCLUDE_DIRECTORIES.  Possible reasons include:

  * The path was deleted, renamed, or moved to another location.

  * An install or uninstall procedure did not complete successfully.

  * The installation package was faulty and references files it does not
  provide.



CMake Error in CMakeLists.txt:
  Imported target "rclcpp::rclcpp" includes non-existent path

    "C:/ci/ws/install/include"

  in its INTERFACE_INCLUDE_DIRECTORIES.  Possible reasons include:

  * The path was deleted, renamed, or moved to another location.

  * An install or uninstall procedure did not complete successfully.

  * The installation package was faulty and references files it does not
  provide.



CMake Error in CMakeLists.txt:
  Imported target "rclcpp::rclcpp" includes non-existent path

    "C:/ci/ws/install/include"

  in its INTERFACE_INCLUDE_DIRECTORIES.  Possible reasons include:

  * The path was deleted, renamed, or moved to another location.

  * An install or uninstall procedure did not complete successfully.

  * The installation package was faulty and references files it does not
  provide.



CMake Error in CMakeLists.txt:
  Imported target "rclcpp::rclcpp" includes non-existent path

    "C:/ci/ws/install/include"

  in its INTERFACE_INCLUDE_DIRECTORIES.  Possible reasons include:

  * The path was deleted, renamed, or moved to another location.

  * An install or uninstall procedure did not complete successfully.

  * The installation package was faulty and references files it does not
  provide.



CMake Error in CMakeLists.txt:
  Imported target "rclcpp::rclcpp" includes non-existent path

    "C:/ci/ws/install/include"

  in its INTERFACE_INCLUDE_DIRECTORIES.  Possible reasons include:

  * The path was deleted, renamed, or moved to another location.

  * An install or uninstall procedure did not complete successfully.

  * The installation package was faulty and references files it does not
  provide.



CMake Generate step failed.  Build files cannot be regenerated correctly.
