[0.000000] (-) TimerEvent: {}
[0.000000] (cpp_pubsub) JobQueued: {'identifier': 'cpp_pubsub', 'dependencies': OrderedDict()}
[0.000000] (cpp_pubsub) JobStarted: {'identifier': 'cpp_pubsub'}
[0.047000] (cpp_pubsub) JobProgress: {'identifier': 'cpp_pubsub', 'progress': 'cmake'}
[0.047000] (cpp_pubsub) Command: {'cmd': ['C:\\Program Files\\CMake\\bin\\cmake.EXE', 'D:\\Escritorio\\myspore\\Programacion\\ROS_2_ANDROID-master', '-DCMAKE_INSTALL_PREFIX=D:\\Escritorio\\myspore\\Programacion\\ROS_2_ANDROID-master\\install\\cpp_pubsub', '-G', 'Visual Studio 16 2019'], 'cwd': 'D:\\Escritorio\\myspore\\Programacion\\ROS_2_ANDROID-master\\build\\cpp_pubsub', 'env': OrderedDict([('ALLUSERSPROFILE', 'C:\\ProgramData'), ('APPDATA', 'C:\\Users\\Elias\\AppData\\Roaming'), ('ChocolateyInstall', 'C:\\ProgramData\\chocolatey'), ('ChocolateyLastPathUpdate', '132887164852421346'), ('COLCON', '1'), ('CommandPromptType', 'Native'), ('CommonProgramFiles', 'C:\\Program Files\\Common Files'), ('CommonProgramFiles(x86)', 'C:\\Program Files (x86)\\Common Files'), ('CommonProgramW6432', 'C:\\Program Files\\Common Files'), ('COMPUTERNAME', 'DESKTOP-75QLT5Q'), ('ComSpec', 'C:\\WINDOWS\\system32\\cmd.exe'), ('DevEnvDir', 'C:\\Program Files (x86)\\Microsoft Visual Studio\\2019\\Community\\Common7\\IDE\\'), ('DriverData', 'C:\\Windows\\System32\\Drivers\\DriverData'), ('ExtensionSdkDir', 'C:\\Program Files (x86)\\Microsoft SDKs\\Windows Kits\\10\\ExtensionSDKs'), ('Framework40Version', 'v4.0'), ('FrameworkDir', 'C:\\Windows\\Microsoft.NET\\Framework64\\'), ('FrameworkDir64', 'C:\\Windows\\Microsoft.NET\\Framework64\\'), ('FrameworkVersion', 'v4.0.30319'), ('FrameworkVersion64', 'v4.0.30319'), ('FSHARPINSTALLDIR', 'C:\\Program Files (x86)\\Microsoft Visual Studio\\2019\\Community\\Common7\\IDE\\CommonExtensions\\Microsoft\\FSharp\\Tools'), ('HOMEDRIVE', 'C:'), ('HOMEPATH', '\\Users\\Elias'), ('INCLUDE', 'C:\\Program Files (x86)\\Microsoft Visual Studio\\2019\\Community\\VC\\Tools\\MSVC\\14.29.30133\\ATLMFC\\include;C:\\Program Files (x86)\\Microsoft Visual Studio\\2019\\Community\\VC\\Tools\\MSVC\\14.29.30133\\include;C:\\Program Files (x86)\\Windows Kits\\10\\include\\10.0.19041.0\\ucrt;C:\\Program Files (x86)\\Windows Kits\\10\\include\\10.0.19041.0\\shared;C:\\Program Files (x86)\\Windows Kits\\10\\include\\10.0.19041.0\\um;C:\\Program Files (x86)\\Windows Kits\\10\\include\\10.0.19041.0\\winrt;C:\\Program Files (x86)\\Windows Kits\\10\\include\\10.0.19041.0\\cppwinrt'), ('LIB', 'C:\\Program Files (x86)\\Microsoft Visual Studio\\2019\\Community\\VC\\Tools\\MSVC\\14.29.30133\\ATLMFC\\lib\\x64;C:\\Program Files (x86)\\Microsoft Visual Studio\\2019\\Community\\VC\\Tools\\MSVC\\14.29.30133\\lib\\x64;C:\\Program Files (x86)\\Windows Kits\\10\\lib\\10.0.19041.0\\ucrt\\x64;C:\\Program Files (x86)\\Windows Kits\\10\\lib\\10.0.19041.0\\um\\x64'), ('LIBPATH', 'C:\\Program Files (x86)\\Microsoft Visual Studio\\2019\\Community\\VC\\Tools\\MSVC\\14.29.30133\\ATLMFC\\lib\\x64;C:\\Program Files (x86)\\Microsoft Visual Studio\\2019\\Community\\VC\\Tools\\MSVC\\14.29.30133\\lib\\x64;C:\\Program Files (x86)\\Microsoft Visual Studio\\2019\\Community\\VC\\Tools\\MSVC\\14.29.30133\\lib\\x86\\store\\references;C:\\Program Files (x86)\\Windows Kits\\10\\UnionMetadata\\10.0.19041.0;C:\\Program Files (x86)\\Windows Kits\\10\\References\\10.0.19041.0;C:\\Windows\\Microsoft.NET\\Framework64\\v4.0.30319'), ('LOCALAPPDATA', 'C:\\Users\\Elias\\AppData\\Local'), ('LOGONSERVER', '\\\\DESKTOP-75QLT5Q'), ('NUMBER_OF_PROCESSORS', '16'), ('OneDrive', 'C:\\Users\\Elias\\OneDrive'), ('OneDriveConsumer', 'C:\\Users\\Elias\\OneDrive'), ('OpenCV_DIR', 'C:\\opencv'), ('OS', 'Windows_NT'), ('Path', 'C:\\Program Files (x86)\\Microsoft Visual Studio\\2019\\Community\\Common7\\IDE\\\\Extensions\\Microsoft\\IntelliCode\\CLI;C:\\Program Files (x86)\\Microsoft Visual Studio\\2019\\Community\\VC\\Tools\\MSVC\\14.29.30133\\bin\\HostX64\\x64;C:\\Program Files (x86)\\Microsoft Visual Studio\\2019\\Community\\Common7\\IDE\\VC\\VCPackages;C:\\Program Files (x86)\\Microsoft Visual Studio\\2019\\Community\\Common7\\IDE\\CommonExtensions\\Microsoft\\TestWindow;C:\\Program Files (x86)\\Microsoft Visual Studio\\2019\\Community\\Common7\\IDE\\CommonExtensions\\Microsoft\\TeamFoundation\\Team Explorer;C:\\Program Files (x86)\\Microsoft Visual Studio\\2019\\Community\\MSBuild\\Current\\bin\\Roslyn;C:\\Program Files (x86)\\Microsoft Visual Studio\\2019\\Community\\Team Tools\\Performance Tools\\x64;C:\\Program Files (x86)\\Microsoft Visual Studio\\2019\\Community\\Team Tools\\Performance Tools;C:\\Program Files (x86)\\Microsoft Visual Studio\\Shared\\Common\\VSPerfCollectionTools\\vs2019\\\\x64;C:\\Program Files (x86)\\Microsoft Visual Studio\\Shared\\Common\\VSPerfCollectionTools\\vs2019\\;C:\\Program Files (x86)\\Microsoft Visual Studio\\2019\\Community\\Common7\\IDE\\CommonExtensions\\Microsoft\\FSharp\\Tools;C:\\Program Files (x86)\\Microsoft Visual Studio\\2019\\Community\\Common7\\Tools\\devinit;C:\\Program Files (x86)\\Windows Kits\\10\\bin\\10.0.19041.0\\x64;C:\\Program Files (x86)\\Windows Kits\\10\\bin\\x64;C:\\Program Files (x86)\\Microsoft Visual Studio\\2019\\Community\\\\MSBuild\\Current\\Bin;C:\\Windows\\Microsoft.NET\\Framework64\\v4.0.30319;C:\\Program Files (x86)\\Microsoft Visual Studio\\2019\\Community\\Common7\\IDE\\;C:\\Program Files (x86)\\Microsoft Visual Studio\\2019\\Community\\Common7\\Tools\\;C:\\Program Files (x86)\\Common Files\\Oracle\\Java\\javapath;C:\\Python38\\Scripts\\;C:\\Python38\\;C:\\WINDOWS\\system32;C:\\WINDOWS;C:\\WINDOWS\\System32\\Wbem;C:\\WINDOWS\\System32\\WindowsPowerShell\\v1.0\\;C:\\WINDOWS\\System32\\OpenSSH\\;C:\\Program Files (x86)\\NVIDIA Corporation\\PhysX\\Common;C:\\Program Files (x86)\\dotnet\\;C:\\Program Files\\dotnet\\;C:\\Program Files\\NVIDIA Corporation\\NVIDIA NvDLISR;C:\\ProgramData\\chocolatey\\bin;C:\\Program Files\\OpenSSL-Win64\\bin\\;C:\\opencv\\x64\\vc16\\bin;C:\\Program Files\\CMake\\bin;C:\\Program Files\\Graphviz\\bin;C:\\Program Files\\Git\\cmd;C:\\Program Files\\Java\\jre1.8.0_321\\bin;C:\\Users\\Elias\\AppData\\Local\\Microsoft\\WindowsApps;C:\\Users\\Elias\\AppData\\Local\\atom\\bin;C:\\Users\\Elias\\AppData\\Local\\Programs\\Microsoft VS Code\\bin'), ('PATHEXT', '.COM;.EXE;.BAT;.CMD;.VBS;.VBE;.JS;.JSE;.WSF;.WSH;.MSC;.PY;.PYW'), ('Platform', 'x64'), ('PROCESSOR_ARCHITECTURE', 'AMD64'), ('PROCESSOR_IDENTIFIER', 'Intel64 Family 6 Model 167 Stepping 1, GenuineIntel'), ('PROCESSOR_LEVEL', '6'), ('PROCESSOR_REVISION', 'a701'), ('ProgramData', 'C:\\ProgramData'), ('ProgramFiles', 'C:\\Program Files'), ('ProgramFiles(x86)', 'C:\\Program Files (x86)'), ('ProgramW6432', 'C:\\Program Files'), ('PROMPT', '$P$G'), ('PSModulePath', 'C:\\Program Files\\WindowsPowerShell\\Modules;C:\\WINDOWS\\system32\\WindowsPowerShell\\v1.0\\Modules'), ('PUBLIC', 'C:\\Users\\Public'), ('QT_QPA_PLATFORM_PLUGIN_PATH', 'E:\\Programas\\ROS2_packages\\ros2-windows\\bin\\platforms'), ('ROS_DOMAIN_ID', '23'), ('SESSIONNAME', 'Console'), ('SystemDrive', 'C:'), ('SystemRoot', 'C:\\WINDOWS'), ('TEMP', 'C:\\Users\\Elias\\AppData\\Local\\Temp'), ('TMP', 'C:\\Users\\Elias\\AppData\\Local\\Temp'), ('UCRTVersion', '10.0.19041.0'), ('UniversalCRTSdkDir', 'C:\\Program Files (x86)\\Windows Kits\\10\\'), ('USERDOMAIN', 'DESKTOP-75QLT5Q'), ('USERDOMAIN_ROAMINGPROFILE', 'DESKTOP-75QLT5Q'), ('USERNAME', 'Elias'), ('USERPROFILE', 'C:\\Users\\Elias'), ('VCIDEInstallDir', 'C:\\Program Files (x86)\\Microsoft Visual Studio\\2019\\Community\\Common7\\IDE\\VC\\'), ('VCINSTALLDIR', 'C:\\Program Files (x86)\\Microsoft Visual Studio\\2019\\Community\\VC\\'), ('VCToolsInstallDir', 'C:\\Program Files (x86)\\Microsoft Visual Studio\\2019\\Community\\VC\\Tools\\MSVC\\14.29.30133\\'), ('VCToolsRedistDir', 'C:\\Program Files (x86)\\Microsoft Visual Studio\\2019\\Community\\VC\\Redist\\MSVC\\14.29.30133\\'), ('VCToolsVersion', '14.29.30133'), ('VisualStudioVersion', '16.0'), ('VS160COMNTOOLS', 'C:\\Program Files (x86)\\Microsoft Visual Studio\\2019\\Community\\Common7\\Tools\\'), ('VSCMD_ARG_app_plat', 'Desktop'), ('VSCMD_ARG_HOST_ARCH', 'x64'), ('VSCMD_ARG_TGT_ARCH', 'x64'), ('VSCMD_VER', '16.11.9'), ('VSINSTALLDIR', 'C:\\Program Files (x86)\\Microsoft Visual Studio\\2019\\Community\\'), ('WEBOTS_HOME', 'C:\\Program Files\\Webots'), ('windir', 'C:\\WINDOWS'), ('WindowsLibPath', 'C:\\Program Files (x86)\\Windows Kits\\10\\UnionMetadata\\10.0.19041.0;C:\\Program Files (x86)\\Windows Kits\\10\\References\\10.0.19041.0'), ('WindowsSdkBinPath', 'C:\\Program Files (x86)\\Windows Kits\\10\\bin\\'), ('WindowsSdkDir', 'C:\\Program Files (x86)\\Windows Kits\\10\\'), ('WindowsSDKLibVersion', '10.0.19041.0\\'), ('WindowsSdkVerBinPath', 'C:\\Program Files (x86)\\Windows Kits\\10\\bin\\10.0.19041.0\\'), ('WindowsSDKVersion', '10.0.19041.0\\'), ('ZES_ENABLE_SYSMAN', '1'), ('__devinit_path', 'C:\\Program Files (x86)\\Microsoft Visual Studio\\2019\\Community\\Common7\\Tools\\devinit\\devinit.exe'), ('__DOTNET_ADD_64BIT', '1'), ('__DOTNET_PREFERRED_BITNESS', '64'), ('__VSCMD_PREINIT_PATH', 'C:\\Program Files (x86)\\Common Files\\Oracle\\Java\\javapath;C:\\Python38\\Scripts\\;C:\\Python38\\;C:\\WINDOWS\\system32;C:\\WINDOWS;C:\\WINDOWS\\System32\\Wbem;C:\\WINDOWS\\System32\\WindowsPowerShell\\v1.0\\;C:\\WINDOWS\\System32\\OpenSSH\\;C:\\Program Files (x86)\\NVIDIA Corporation\\PhysX\\Common;C:\\Program Files (x86)\\dotnet\\;C:\\Program Files\\dotnet\\;C:\\Program Files\\NVIDIA Corporation\\NVIDIA NvDLISR;C:\\ProgramData\\chocolatey\\bin;C:\\Program Files\\OpenSSL-Win64\\bin\\;C:\\opencv\\x64\\vc16\\bin;C:\\Program Files\\CMake\\bin;C:\\Program Files\\Graphviz\\bin;C:\\Program Files\\Git\\cmd;C:\\Program Files\\Java\\jre1.8.0_321\\bin;C:\\Users\\Elias\\AppData\\Local\\Microsoft\\WindowsApps;C:\\Users\\Elias\\AppData\\Local\\atom\\bin;C:\\Users\\Elias\\AppData\\Local\\Programs\\Microsoft VS Code\\bin'), ('__VSCMD_script_err_count', '0')]), 'shell': False}
[0.125000] (-) TimerEvent: {}
[0.234000] (-) TimerEvent: {}
[0.344000] (-) TimerEvent: {}
[0.391000] (cpp_pubsub) StdoutLine: {'line': b'-- Selecting Windows SDK version 10.0.19041.0 to target Windows 10.0.19043.\n'}
[0.453000] (-) TimerEvent: {}
[0.563000] (-) TimerEvent: {}
[0.672000] (-) TimerEvent: {}
[0.781000] (-) TimerEvent: {}
[0.891000] (-) TimerEvent: {}
[1.000000] (-) TimerEvent: {}
[1.109000] (-) TimerEvent: {}
[1.219000] (-) TimerEvent: {}
[1.328000] (-) TimerEvent: {}
[1.453000] (-) TimerEvent: {}
[1.563000] (-) TimerEvent: {}
[1.672000] (-) TimerEvent: {}
[1.781000] (-) TimerEvent: {}
[1.891000] (-) TimerEvent: {}
[2.000000] (-) TimerEvent: {}
[2.109000] (-) TimerEvent: {}
[2.219000] (-) TimerEvent: {}
[2.328000] (-) TimerEvent: {}
[2.438000] (-) TimerEvent: {}
[2.547000] (-) TimerEvent: {}
[2.656000] (-) TimerEvent: {}
[2.703000] (cpp_pubsub) StdoutLine: {'line': b'-- The C compiler identification is MSVC 19.29.30139.0\n'}
[2.766000] (-) TimerEvent: {}
[2.891000] (-) TimerEvent: {}
[3.000000] (-) TimerEvent: {}
[3.109000] (-) TimerEvent: {}
[3.219000] (-) TimerEvent: {}
[3.328000] (-) TimerEvent: {}
[3.438000] (-) TimerEvent: {}
[3.547000] (-) TimerEvent: {}
[3.594000] (cpp_pubsub) StdoutLine: {'line': b'-- The CXX compiler identification is MSVC 19.29.30139.0\n'}
[3.656000] (-) TimerEvent: {}
[3.719000] (cpp_pubsub) StdoutLine: {'line': b'-- Detecting C compiler ABI info\n'}
[3.766000] (-) TimerEvent: {}
[3.875000] (-) TimerEvent: {}
[3.984000] (-) TimerEvent: {}
[4.094000] (-) TimerEvent: {}
[4.219000] (-) TimerEvent: {}
[4.328000] (-) TimerEvent: {}
[4.438000] (-) TimerEvent: {}
[4.484000] (cpp_pubsub) StdoutLine: {'line': b'-- Detecting C compiler ABI info - done\n'}
[4.484000] (cpp_pubsub) StdoutLine: {'line': b'-- Check for working C compiler: C:/Program Files (x86)/Microsoft Visual Studio/2019/Community/VC/Tools/MSVC/14.29.30133/bin/Hostx64/x64/cl.exe - skipped\n'}
[4.484000] (cpp_pubsub) StdoutLine: {'line': b'-- Detecting C compile features\n'}
[4.484000] (cpp_pubsub) StdoutLine: {'line': b'-- Detecting C compile features - done\n'}
[4.516000] (cpp_pubsub) StdoutLine: {'line': b'-- Detecting CXX compiler ABI info\n'}
[4.547000] (-) TimerEvent: {}
[4.656000] (-) TimerEvent: {}
[4.766000] (-) TimerEvent: {}
[4.875000] (-) TimerEvent: {}
[4.984000] (-) TimerEvent: {}
[5.094000] (-) TimerEvent: {}
[5.203000] (-) TimerEvent: {}
[5.250000] (cpp_pubsub) StdoutLine: {'line': b'-- Detecting CXX compiler ABI info - done\n'}
[5.266000] (cpp_pubsub) StdoutLine: {'line': b'-- Check for working CXX compiler: C:/Program Files (x86)/Microsoft Visual Studio/2019/Community/VC/Tools/MSVC/14.29.30133/bin/Hostx64/x64/cl.exe - skipped\n'}
[5.266000] (cpp_pubsub) StdoutLine: {'line': b'-- Detecting CXX compile features\n'}
[5.266000] (cpp_pubsub) StdoutLine: {'line': b'-- Detecting CXX compile features - done\n'}
[5.313000] (-) TimerEvent: {}
[5.422000] (-) TimerEvent: {}
[5.422000] (cpp_pubsub) StderrLine: {'line': b'CMake Error at CMakeLists.txt:13 (find_package):\n'}
[5.422000] (cpp_pubsub) StderrLine: {'line': b'  By not providing "Findament_cmake.cmake" in CMAKE_MODULE_PATH this project\n'}
[5.422000] (cpp_pubsub) StderrLine: {'line': b'  has asked CMake to find a package configuration file provided by\n'}
[5.422000] (cpp_pubsub) StderrLine: {'line': b'  "ament_cmake", but CMake did not find one.\n'}
[5.422000] (cpp_pubsub) StderrLine: {'line': b'\n'}
[5.422000] (cpp_pubsub) StderrLine: {'line': b'  Could not find a package configuration file provided by "ament_cmake" with\n'}
[5.422000] (cpp_pubsub) StderrLine: {'line': b'  any of the following names:\n'}
[5.422000] (cpp_pubsub) StderrLine: {'line': b'\n'}
[5.422000] (cpp_pubsub) StderrLine: {'line': b'    ament_cmakeConfig.cmake\n'}
[5.422000] (cpp_pubsub) StderrLine: {'line': b'    ament_cmake-config.cmake\n'}
[5.422000] (cpp_pubsub) StderrLine: {'line': b'\n'}
[5.422000] (cpp_pubsub) StderrLine: {'line': b'  Add the installation prefix of "ament_cmake" to CMAKE_PREFIX_PATH or set\n'}
[5.422000] (cpp_pubsub) StderrLine: {'line': b'  "ament_cmake_DIR" to a directory containing one of the above files.  If\n'}
[5.422000] (cpp_pubsub) StderrLine: {'line': b'  "ament_cmake" provides a separate development package or SDK, be sure it\n'}
[5.422000] (cpp_pubsub) StderrLine: {'line': b'  has been installed.\n'}
[5.422000] (cpp_pubsub) StderrLine: {'line': b'\n'}
[5.422000] (cpp_pubsub) StderrLine: {'line': b'\n'}
[5.422000] (cpp_pubsub) StdoutLine: {'line': b'-- Configuring incomplete, errors occurred!\n'}
[5.422000] (cpp_pubsub) StdoutLine: {'line': b'See also "D:/Escritorio/myspore/Programacion/ROS_2_ANDROID-master/build/cpp_pubsub/CMakeFiles/CMakeOutput.log".\n'}
[5.422000] (cpp_pubsub) CommandEnded: {'returncode': 1}
[5.469000] (cpp_pubsub) JobEnded: {'identifier': 'cpp_pubsub', 'rc': 1}
[5.500000] (-) EventReactorShutdown: {}
